{"numFailedTestSuites":12,"numFailedTests":23,"numPassedTestSuites":31,"numPassedTests":641,"numPendingTestSuites":0,"numPendingTests":0,"numRuntimeErrorTestSuites":5,"numTodoTests":0,"numTotalTestSuites":43,"numTotalTests":664,"openHandles":[],"snapshot":{"added":0,"didUpdate":false,"failure":false,"filesAdded":0,"filesRemoved":0,"filesRemovedList":[],"filesUnmatched":0,"filesUpdated":0,"matched":0,"total":0,"unchecked":0,"uncheckedKeysByFile":[],"unmatched":0,"updated":0},"startTime":1760120561136,"success":false,"testResults":[{"assertionResults":[{"ancestorTitles":["QueryBus","execute"],"duration":35,"failureDetails":[],"failureMessages":[],"fullName":"QueryBus execute 应该成功执行查询","invocations":1,"location":null,"numPassingAsserts":4,"retryReasons":[],"status":"passed","title":"应该成功执行查询"},{"ancestorTitles":["QueryBus","execute"],"duration":9,"failureDetails":[],"failureMessages":[],"fullName":"QueryBus execute 应该在没有注册处理器时返回错误","invocations":1,"location":null,"numPassingAsserts":4,"retryReasons":[],"status":"passed","title":"应该在没有注册处理器时返回错误"},{"ancestorTitles":["QueryBus","execute"],"duration":47,"failureDetails":[],"failureMessages":[],"fullName":"QueryBus execute 应该正确处理处理器异常","invocations":1,"location":null,"numPassingAsserts":4,"retryReasons":[],"status":"passed","title":"应该正确处理处理器异常"},{"ancestorTitles":["QueryBus","executeWithCache"],"duration":23,"failureDetails":[],"failureMessages":[],"fullName":"QueryBus executeWithCache 应该使用缓存执行查询","invocations":1,"location":null,"numPassingAsserts":7,"retryReasons":[],"status":"passed","title":"应该使用缓存执行查询"},{"ancestorTitles":["QueryBus","executeWithCache"],"duration":1153,"failureDetails":[],"failureMessages":[],"fullName":"QueryBus executeWithCache 应该在缓存过期时重新执行查询","invocations":1,"location":null,"numPassingAsserts":7,"retryReasons":[],"status":"passed","title":"应该在缓存过期时重新执行查询"},{"ancestorTitles":["QueryBus","middlewares"],"duration":15,"failureDetails":[],"failureMessages":[],"fullName":"QueryBus middlewares 应该在执行查询时调用中间件","invocations":1,"location":null,"numPassingAsserts":5,"retryReasons":[],"status":"passed","title":"应该在执行查询时调用中间件"},{"ancestorTitles":["QueryBus","middlewares"],"duration":17,"failureDetails":[],"failureMessages":[],"fullName":"QueryBus middlewares 应该返回添加的中间件列表","invocations":1,"location":null,"numPassingAsserts":2,"retryReasons":[],"status":"passed","title":"应该返回添加的中间件列表"},{"ancestorTitles":["QueryBus","prefetch"],"duration":24,"failureDetails":[],"failureMessages":[],"fullName":"QueryBus prefetch 应该预加载查询","invocations":1,"location":null,"numPassingAsserts":1,"retryReasons":[],"status":"passed","title":"应该预加载查询"},{"ancestorTitles":["QueryBus","invalidateCache"],"duration":20,"failureDetails":[],"failureMessages":[],"fullName":"QueryBus invalidateCache 应该使查询缓存失效","invocations":1,"location":null,"numPassingAsserts":2,"retryReasons":[],"status":"passed","title":"应该使查询缓存失效"},{"ancestorTitles":["QueryBus","register"],"duration":19,"failureDetails":[],"failureMessages":[],"fullName":"QueryBus register 应该成功注册查询处理器","invocations":1,"location":null,"numPassingAsserts":1,"retryReasons":[],"status":"passed","title":"应该成功注册查询处理器"},{"ancestorTitles":["QueryBus","register"],"duration":10,"failureDetails":[],"failureMessages":[],"fullName":"QueryBus register 应该覆盖已注册的处理器","invocations":1,"location":null,"numPassingAsserts":1,"retryReasons":[],"status":"passed","title":"应该覆盖已注册的处理器"},{"ancestorTitles":["QueryBus","setQueryCache"],"duration":12,"failureDetails":[],"failureMessages":[],"fullName":"QueryBus setQueryCache 应该设置查询缓存服务","invocations":1,"location":null,"numPassingAsserts":1,"retryReasons":[],"status":"passed","title":"应该设置查询缓存服务"},{"ancestorTitles":["QueryBus","getCacheStats"],"duration":22,"failureDetails":[],"failureMessages":[],"fullName":"QueryBus getCacheStats 应该返回缓存统计信息","invocations":1,"location":null,"numPassingAsserts":5,"retryReasons":[],"status":"passed","title":"应该返回缓存统计信息"},{"ancestorTitles":["QueryBus","SWR 交互"],"duration":1118,"failureDetails":[],"failureMessages":[],"fullName":"QueryBus SWR 交互 缓存过期时应返回旧值并触发后台刷新","invocations":1,"location":null,"numPassingAsserts":10,"retryReasons":[],"status":"passed","title":"缓存过期时应返回旧值并触发后台刷新"},{"ancestorTitles":["QueryBus","SWR 交互"],"duration":14,"failureDetails":[{"matcherResult":{"message":"\u001b[2mexpect(\u001b[22m\u001b[31mreceived\u001b[39m\u001b[2m).\u001b[22mtoBeUndefined\u001b[2m()\u001b[22m\n\nReceived: \u001b[31m\"users:detail\"\u001b[39m","pass":false}}],"failureMessages":["Error: \u001b[2mexpect(\u001b[22m\u001b[31mreceived\u001b[39m\u001b[2m).\u001b[22mtoBeUndefined\u001b[2m()\u001b[22m\n\nReceived: \u001b[31m\"users:detail\"\u001b[39m\n    at Object.<anonymous> (D:\\onlinestore\\backend\\src\\cqrs\\bus\\query.bus.spec.ts:369:40)\n    at Promise.then.completed (D:\\onlinestore\\backend\\node_modules\\jest-circus\\build\\utils.js:298:28)\n    at new Promise (<anonymous>)\n    at callAsyncCircusFn (D:\\onlinestore\\backend\\node_modules\\jest-circus\\build\\utils.js:231:10)\n    at _callCircusTest (D:\\onlinestore\\backend\\node_modules\\jest-circus\\build\\run.js:316:40)\n    at _runTest (D:\\onlinestore\\backend\\node_modules\\jest-circus\\build\\run.js:252:3)\n    at _runTestsForDescribeBlock (D:\\onlinestore\\backend\\node_modules\\jest-circus\\build\\run.js:126:9)\n    at _runTestsForDescribeBlock (D:\\onlinestore\\backend\\node_modules\\jest-circus\\build\\run.js:121:9)\n    at _runTestsForDescribeBlock (D:\\onlinestore\\backend\\node_modules\\jest-circus\\build\\run.js:121:9)\n    at run (D:\\onlinestore\\backend\\node_modules\\jest-circus\\build\\run.js:71:3)\n    at runAndTransformResultsToJestFormat (D:\\onlinestore\\backend\\node_modules\\jest-circus\\build\\legacy-code-todo-rewrite\\jestAdapterInit.js:122:21)\n    at jestAdapter (D:\\onlinestore\\backend\\node_modules\\jest-circus\\build\\legacy-code-todo-rewrite\\jestAdapter.js:79:19)\n    at runTestInternal (D:\\onlinestore\\backend\\node_modules\\jest-runner\\build\\runTest.js:367:16)\n    at runTest (D:\\onlinestore\\backend\\node_modules\\jest-runner\\build\\runTest.js:444:34)"],"fullName":"QueryBus SWR 交互 SWR 标签构建：cache_key_prefix 与 domain 由环境变量控制","invocations":1,"location":null,"numPassingAsserts":4,"retryReasons":[],"status":"failed","title":"SWR 标签构建：cache_key_prefix 与 domain 由环境变量控制"},{"ancestorTitles":["QueryBus","SWR 交互"],"duration":23,"failureDetails":[],"failureMessages":[],"fullName":"QueryBus SWR 交互 prefetch 应通过 SWR 获取并缓存","invocations":1,"location":null,"numPassingAsserts":2,"retryReasons":[],"status":"passed","title":"prefetch 应通过 SWR 获取并缓存"},{"ancestorTitles":["QueryBus","cleanupExpiredCache"],"duration":1111,"failureDetails":[],"failureMessages":[],"fullName":"QueryBus cleanupExpiredCache 应该清理过期的缓存","invocations":1,"location":null,"numPassingAsserts":1,"retryReasons":[],"status":"passed","title":"应该清理过期的缓存"}],"endTime":1760120567669,"message":"\u001b[1m\u001b[31m  \u001b[1m● \u001b[22m\u001b[1mQueryBus › SWR 交互 › SWR 标签构建：cache_key_prefix 与 domain 由环境变量控制\u001b[39m\u001b[22m\n\n    \u001b[2mexpect(\u001b[22m\u001b[31mreceived\u001b[39m\u001b[2m).\u001b[22mtoBeUndefined\u001b[2m()\u001b[22m\n\n    Received: \u001b[31m\"users:detail\"\u001b[39m\n\u001b[2m\u001b[22m\n\u001b[2m    \u001b[0m \u001b[90m 367 |\u001b[39m       process\u001b[33m.\u001b[39menv\u001b[33m.\u001b[39m\u001b[33mCQRS_SWR_ENABLE_DOMAIN_LABEL\u001b[39m \u001b[33m=\u001b[39m \u001b[32m'0'\u001b[39m\u001b[33m;\u001b[39m\u001b[22m\n\u001b[2m     \u001b[90m 368 |\u001b[39m       \u001b[36mconst\u001b[39m labels2 \u001b[33m=\u001b[39m qb\u001b[33m.\u001b[39mbuildSWRLabels(\u001b[32m'GetUsersQuery'\u001b[39m\u001b[33m,\u001b[39m \u001b[32m'GetUsersHandler'\u001b[39m\u001b[33m,\u001b[39m \u001b[32m'users:detail:1'\u001b[39m)\u001b[33m;\u001b[39m\u001b[22m\n\u001b[2m    \u001b[31m\u001b[1m>\u001b[22m\u001b[2m\u001b[39m\u001b[90m 369 |\u001b[39m       expect(labels2\u001b[33m.\u001b[39mcache_key_prefix)\u001b[33m.\u001b[39mtoBeUndefined()\u001b[33m;\u001b[39m\u001b[22m\n\u001b[2m     \u001b[90m     |\u001b[39m                                        \u001b[31m\u001b[1m^\u001b[22m\u001b[2m\u001b[39m\u001b[22m\n\u001b[2m     \u001b[90m 370 |\u001b[39m       expect(labels2\u001b[33m.\u001b[39mdomain)\u001b[33m.\u001b[39mtoBeUndefined()\u001b[33m;\u001b[39m\u001b[22m\n\u001b[2m     \u001b[90m 371 |\u001b[39m     })\u001b[33m;\u001b[39m\u001b[22m\n\u001b[2m     \u001b[90m 372 |\u001b[39m\u001b[0m\u001b[22m\n\u001b[2m\u001b[22m\n\u001b[2m      \u001b[2mat Object.<anonymous> (\u001b[22m\u001b[2m\u001b[0m\u001b[36mcqrs/bus/query.bus.spec.ts\u001b[39m\u001b[0m\u001b[2m:369:40)\u001b[22m\u001b[2m\u001b[22m\n","name":"D:\\onlinestore\\backend\\src\\cqrs\\bus\\query.bus.spec.ts","startTime":1760120561713,"status":"failed","summary":""},{"assertionResults":[{"ancestorTitles":["ProductsService","Service Initialization"],"duration":27,"failureDetails":[],"failureMessages":[],"fullName":"ProductsService Service Initialization should be defined","invocations":1,"location":null,"numPassingAsserts":1,"retryReasons":[],"status":"passed","title":"should be defined"},{"ancestorTitles":["ProductsService","Service Initialization"],"duration":8,"failureDetails":[],"failureMessages":[],"fullName":"ProductsService Service Initialization should have all dependencies injected","invocations":1,"location":null,"numPassingAsserts":8,"retryReasons":[],"status":"passed","title":"should have all dependencies injected"},{"ancestorTitles":["ProductsService","Create Product"],"duration":12,"failureDetails":[],"failureMessages":[],"fullName":"ProductsService Create Product should successfully create a new product","invocations":1,"location":null,"numPassingAsserts":7,"retryReasons":[],"status":"passed","title":"should successfully create a new product"},{"ancestorTitles":["ProductsService","Create Product"],"duration":89,"failureDetails":[],"failureMessages":[],"fullName":"ProductsService Create Product should throw NotFoundException when category does not exist","invocations":1,"location":null,"numPassingAsserts":2,"retryReasons":[],"status":"passed","title":"should throw NotFoundException when category does not exist"},{"ancestorTitles":["ProductsService","Create Product"],"duration":8,"failureDetails":[],"failureMessages":[],"fullName":"ProductsService Create Product should handle cache deletion errors gracefully","invocations":1,"location":null,"numPassingAsserts":2,"retryReasons":[],"status":"passed","title":"should handle cache deletion errors gracefully"},{"ancestorTitles":["ProductsService","Create Product"],"duration":69,"failureDetails":[],"failureMessages":[],"fullName":"ProductsService Create Product should handle event publishing errors gracefully","invocations":1,"location":null,"numPassingAsserts":2,"retryReasons":[],"status":"passed","title":"should handle event publishing errors gracefully"},{"ancestorTitles":["ProductsService","Find Product By ID"],"duration":31,"failureDetails":[],"failureMessages":[],"fullName":"ProductsService Find Product By ID should return cached product when available","invocations":1,"location":null,"numPassingAsserts":4,"retryReasons":[],"status":"passed","title":"should return cached product when available"},{"ancestorTitles":["ProductsService","Find Product By ID"],"duration":12,"failureDetails":[],"failureMessages":[],"fullName":"ProductsService Find Product By ID should fetch from database when not cached","invocations":1,"location":null,"numPassingAsserts":5,"retryReasons":[],"status":"passed","title":"should fetch from database when not cached"},{"ancestorTitles":["ProductsService","Find Product By ID"],"duration":13,"failureDetails":[],"failureMessages":[],"fullName":"ProductsService Find Product By ID should return null when product does not exist","invocations":1,"location":null,"numPassingAsserts":1,"retryReasons":[],"status":"passed","title":"should return null when product does not exist"},{"ancestorTitles":["ProductsService","Search Products"],"duration":21,"failureDetails":[],"failureMessages":[],"fullName":"ProductsService Search Products should use search engine when keyword is provided","invocations":1,"location":null,"numPassingAsserts":2,"retryReasons":[],"status":"passed","title":"should use search engine when keyword is provided"},{"ancestorTitles":["ProductsService","Search Products"],"duration":33,"failureDetails":[],"failureMessages":[],"fullName":"ProductsService Search Products should fallback to database search when search engine fails","invocations":1,"location":null,"numPassingAsserts":2,"retryReasons":[],"status":"passed","title":"should fallback to database search when search engine fails"},{"ancestorTitles":["ProductsService","Search Products"],"duration":13,"failureDetails":[],"failureMessages":[],"fullName":"ProductsService Search Products should use database search when no keyword is provided","invocations":1,"location":null,"numPassingAsserts":2,"retryReasons":[],"status":"passed","title":"should use database search when no keyword is provided"},{"ancestorTitles":["ProductsService","Search Products"],"duration":7,"failureDetails":[],"failureMessages":[],"fullName":"ProductsService Search Products should return empty result when search finds no products","invocations":1,"location":null,"numPassingAsserts":1,"retryReasons":[],"status":"passed","title":"should return empty result when search finds no products"},{"ancestorTitles":["ProductsService","Get Popular Products"],"duration":13,"failureDetails":[],"failureMessages":[],"fullName":"ProductsService Get Popular Products should return cached popular products when available","invocations":1,"location":null,"numPassingAsserts":4,"retryReasons":[],"status":"passed","title":"should return cached popular products when available"},{"ancestorTitles":["ProductsService","Get Popular Products"],"duration":20,"failureDetails":[],"failureMessages":[],"fullName":"ProductsService Get Popular Products should fetch from database when not cached","invocations":1,"location":null,"numPassingAsserts":4,"retryReasons":[],"status":"passed","title":"should fetch from database when not cached"},{"ancestorTitles":["ProductsService","Update Product"],"duration":14,"failureDetails":[],"failureMessages":[],"fullName":"ProductsService Update Product should successfully update product","invocations":1,"location":null,"numPassingAsserts":5,"retryReasons":[],"status":"passed","title":"should successfully update product"},{"ancestorTitles":["ProductsService","Update Product"],"duration":13,"failureDetails":[],"failureMessages":[],"fullName":"ProductsService Update Product should throw NotFoundException when product does not exist","invocations":1,"location":null,"numPassingAsserts":1,"retryReasons":[],"status":"passed","title":"should throw NotFoundException when product does not exist"},{"ancestorTitles":["ProductsService","Update Product"],"duration":13,"failureDetails":[],"failureMessages":[],"fullName":"ProductsService Update Product should throw NotFoundException when new category does not exist","invocations":1,"location":null,"numPassingAsserts":1,"retryReasons":[],"status":"passed","title":"should throw NotFoundException when new category does not exist"},{"ancestorTitles":["ProductsService","Delete Product"],"duration":15,"failureDetails":[],"failureMessages":[],"fullName":"ProductsService Delete Product should successfully delete product","invocations":1,"location":null,"numPassingAsserts":3,"retryReasons":[],"status":"passed","title":"should successfully delete product"},{"ancestorTitles":["ProductsService","Delete Product"],"duration":11,"failureDetails":[],"failureMessages":[],"fullName":"ProductsService Delete Product should throw NotFoundException when product does not exist","invocations":1,"location":null,"numPassingAsserts":1,"retryReasons":[],"status":"passed","title":"should throw NotFoundException when product does not exist"},{"ancestorTitles":["ProductsService","Increment Views"],"duration":15,"failureDetails":[],"failureMessages":[],"fullName":"ProductsService Increment Views should successfully increment product views","invocations":1,"location":null,"numPassingAsserts":2,"retryReasons":[],"status":"passed","title":"should successfully increment product views"},{"ancestorTitles":["ProductsService","Update Stock"],"duration":10,"failureDetails":[],"failureMessages":[],"fullName":"ProductsService Update Stock should successfully update product stock","invocations":1,"location":null,"numPassingAsserts":3,"retryReasons":[],"status":"passed","title":"should successfully update product stock"},{"ancestorTitles":["ProductsService","Get Statistics"],"duration":18,"failureDetails":[],"failureMessages":[],"fullName":"ProductsService Get Statistics should return product statistics","invocations":1,"location":null,"numPassingAsserts":1,"retryReasons":[],"status":"passed","title":"should return product statistics"},{"ancestorTitles":["ProductsService","Find All Products"],"duration":14,"failureDetails":[],"failureMessages":[],"fullName":"ProductsService Find All Products should return cached products when available","invocations":1,"location":null,"numPassingAsserts":4,"retryReasons":[],"status":"passed","title":"should return cached products when available"},{"ancestorTitles":["ProductsService","Find All Products"],"duration":10,"failureDetails":[{"matcherResult":{"message":"\u001b[2mexpect(\u001b[22m\u001b[31mjest.fn()\u001b[39m\u001b[2m).\u001b[22mtoHaveBeenCalled\u001b[2m()\u001b[22m\n\nExpected number of calls: >= \u001b[32m1\u001b[39m\nReceived number of calls:    \u001b[31m0\u001b[39m","pass":false}}],"failureMessages":["Error: \u001b[2mexpect(\u001b[22m\u001b[31mjest.fn()\u001b[39m\u001b[2m).\u001b[22mtoHaveBeenCalled\u001b[2m()\u001b[22m\n\nExpected number of calls: >= \u001b[32m1\u001b[39m\nReceived number of calls:    \u001b[31m0\u001b[39m\n    at Object.<anonymous> (D:\\onlinestore\\backend\\src\\products\\products.service.spec.ts:696:48)"],"fullName":"ProductsService Find All Products should fetch from database when not cached","invocations":1,"location":null,"numPassingAsserts":1,"retryReasons":[],"status":"failed","title":"should fetch from database when not cached"},{"ancestorTitles":["ProductsService","Find By Category"],"duration":12,"failureDetails":[],"failureMessages":[],"fullName":"ProductsService Find By Category should return cached products when available","invocations":1,"location":null,"numPassingAsserts":4,"retryReasons":[],"status":"passed","title":"should return cached products when available"},{"ancestorTitles":["ProductsService","Find By Category"],"duration":14,"failureDetails":[{"matcherResult":{"message":"\u001b[2mexpect(\u001b[22m\u001b[31mjest.fn()\u001b[39m\u001b[2m).\u001b[22mtoHaveBeenCalled\u001b[2m()\u001b[22m\n\nExpected number of calls: >= \u001b[32m1\u001b[39m\nReceived number of calls:    \u001b[31m0\u001b[39m","pass":false}}],"failureMessages":["Error: \u001b[2mexpect(\u001b[22m\u001b[31mjest.fn()\u001b[39m\u001b[2m).\u001b[22mtoHaveBeenCalled\u001b[2m()\u001b[22m\n\nExpected number of calls: >= \u001b[32m1\u001b[39m\nReceived number of calls:    \u001b[31m0\u001b[39m\n    at Object.<anonymous> (D:\\onlinestore\\backend\\src\\products\\products.service.spec.ts:737:40)"],"fullName":"ProductsService Find By Category should fetch from database when not cached","invocations":1,"location":null,"numPassingAsserts":1,"retryReasons":[],"status":"failed","title":"should fetch from database when not cached"},{"ancestorTitles":["ProductsService","Get Categories"],"duration":9,"failureDetails":[],"failureMessages":[],"fullName":"ProductsService Get Categories should return cached categories when available","invocations":1,"location":null,"numPassingAsserts":4,"retryReasons":[],"status":"passed","title":"should return cached categories when available"},{"ancestorTitles":["ProductsService","Get Categories"],"duration":10,"failureDetails":[],"failureMessages":[],"fullName":"ProductsService Get Categories should fetch from database when not cached","invocations":1,"location":null,"numPassingAsserts":4,"retryReasons":[],"status":"passed","title":"should fetch from database when not cached"},{"ancestorTitles":["ProductsService","Reindex All Products"],"duration":14,"failureDetails":[],"failureMessages":[],"fullName":"ProductsService Reindex All Products should successfully reindex all products","invocations":1,"location":null,"numPassingAsserts":3,"retryReasons":[],"status":"passed","title":"should successfully reindex all products"},{"ancestorTitles":["ProductsService","Reindex All Products"],"duration":25,"failureDetails":[],"failureMessages":[],"fullName":"ProductsService Reindex All Products should throw error when reindexing fails","invocations":1,"location":null,"numPassingAsserts":1,"retryReasons":[],"status":"passed","title":"should throw error when reindexing fails"},{"ancestorTitles":["ProductsService","Get Search Engine Status"],"duration":22,"failureDetails":[{"matcherResult":{"actual":{"status":"healthy","uptime":0},"expected":{"status":"healthy","uptime":3600},"message":"\u001b[2mexpect(\u001b[22m\u001b[31mreceived\u001b[39m\u001b[2m).\u001b[22mtoEqual\u001b[2m(\u001b[22m\u001b[32mexpected\u001b[39m\u001b[2m) // deep equality\u001b[22m\n\n\u001b[32m- Expected  - 1\u001b[39m\n\u001b[31m+ Received  + 1\u001b[39m\n\n\u001b[2m  Object {\u001b[22m\n\u001b[2m    \"status\": \"healthy\",\u001b[22m\n\u001b[32m-   \"uptime\": 3600,\u001b[39m\n\u001b[31m+   \"uptime\": 0,\u001b[39m\n\u001b[2m  }\u001b[22m","name":"toEqual","pass":false}}],"failureMessages":["Error: \u001b[2mexpect(\u001b[22m\u001b[31mreceived\u001b[39m\u001b[2m).\u001b[22mtoEqual\u001b[2m(\u001b[22m\u001b[32mexpected\u001b[39m\u001b[2m) // deep equality\u001b[22m\n\n\u001b[32m- Expected  - 1\u001b[39m\n\u001b[31m+ Received  + 1\u001b[39m\n\n\u001b[2m  Object {\u001b[22m\n\u001b[2m    \"status\": \"healthy\",\u001b[22m\n\u001b[32m-   \"uptime\": 3600,\u001b[39m\n\u001b[31m+   \"uptime\": 0,\u001b[39m\n\u001b[2m  }\u001b[22m\n    at Object.<anonymous> (D:\\onlinestore\\backend\\src\\products\\products.service.spec.ts:835:22)"],"fullName":"ProductsService Get Search Engine Status should return search engine status","invocations":1,"location":null,"numPassingAsserts":0,"retryReasons":[],"status":"failed","title":"should return search engine status"},{"ancestorTitles":["ProductsService","Get Search Engine Status"],"duration":48,"failureDetails":[{"matcherResult":{"message":"\u001b[2mexpect(\u001b[22m\u001b[31mreceived\u001b[39m\u001b[2m).\u001b[22mrejects\u001b[2m.\u001b[22mtoThrow\u001b[2m(\u001b[22m\u001b[32mexpected\u001b[39m\u001b[2m)\u001b[22m\n\nExpected substring: \u001b[32m\"Status error\"\u001b[39m\nReceived message:   \u001b[31m\"\"\u001b[39m\n\n    \u001b[0m \u001b[90m 877 |\u001b[39m       console\u001b[33m.\u001b[39merror(\u001b[32m'获取搜索引擎状态失败:'\u001b[39m\u001b[33m,\u001b[39m error)\u001b[33m;\u001b[39m\n     \u001b[90m 878 |\u001b[39m       \u001b[90m// 测试期望为抛出 Error()，不带特定消息\u001b[39m\n    \u001b[31m\u001b[1m>\u001b[22m\u001b[39m\u001b[90m 879 |\u001b[39m       \u001b[36mthrow\u001b[39m \u001b[36mnew\u001b[39m \u001b[33mError\u001b[39m()\u001b[33m;\u001b[39m\n     \u001b[90m     |\u001b[39m             \u001b[31m\u001b[1m^\u001b[22m\u001b[39m\n     \u001b[90m 880 |\u001b[39m     }\n     \u001b[90m 881 |\u001b[39m   }\n     \u001b[90m 882 |\u001b[39m\u001b[0m\n\n      \u001b[2mat ProductsService.getSearchEngineStatus (\u001b[22msrc/products/products.service.ts\u001b[2m:879:13)\u001b[22m\n      \u001b[2mat Object.<anonymous> (\u001b[22msrc/products/products.service.spec.ts\u001b[2m:842:7)\u001b[22m","pass":false},"message":"\u001b[2mexpect(\u001b[22m\u001b[31mreceived\u001b[39m\u001b[2m).\u001b[22mrejects\u001b[2m.\u001b[22mtoThrow\u001b[2m(\u001b[22m\u001b[32mexpected\u001b[39m\u001b[2m)\u001b[22m\n\nExpected substring: \u001b[32m\"Status error\"\u001b[39m\nReceived message:   \u001b[31m\"\"\u001b[39m\n\n    \u001b[0m \u001b[90m 877 |\u001b[39m       console\u001b[33m.\u001b[39merror(\u001b[32m'获取搜索引擎状态失败:'\u001b[39m\u001b[33m,\u001b[39m error)\u001b[33m;\u001b[39m\n     \u001b[90m 878 |\u001b[39m       \u001b[90m// 测试期望为抛出 Error()，不带特定消息\u001b[39m\n    \u001b[31m\u001b[1m>\u001b[22m\u001b[39m\u001b[90m 879 |\u001b[39m       \u001b[36mthrow\u001b[39m \u001b[36mnew\u001b[39m \u001b[33mError\u001b[39m()\u001b[33m;\u001b[39m\n     \u001b[90m     |\u001b[39m             \u001b[31m\u001b[1m^\u001b[22m\u001b[39m\n     \u001b[90m 880 |\u001b[39m     }\n     \u001b[90m 881 |\u001b[39m   }\n     \u001b[90m 882 |\u001b[39m\u001b[0m\n\n      \u001b[2mat ProductsService.getSearchEngineStatus (\u001b[22msrc/products/products.service.ts\u001b[2m:879:13)\u001b[22m\n      \u001b[2mat Object.<anonymous> (\u001b[22msrc/products/products.service.spec.ts\u001b[2m:842:7)\u001b[22m"}],"failureMessages":["Error: \u001b[2mexpect(\u001b[22m\u001b[31mreceived\u001b[39m\u001b[2m).\u001b[22mrejects\u001b[2m.\u001b[22mtoThrow\u001b[2m(\u001b[22m\u001b[32mexpected\u001b[39m\u001b[2m)\u001b[22m\n\nExpected substring: \u001b[32m\"Status error\"\u001b[39m\nReceived message:   \u001b[31m\"\"\u001b[39m\n\n    \u001b[0m \u001b[90m 877 |\u001b[39m       console\u001b[33m.\u001b[39merror(\u001b[32m'获取搜索引擎状态失败:'\u001b[39m\u001b[33m,\u001b[39m error)\u001b[33m;\u001b[39m\n     \u001b[90m 878 |\u001b[39m       \u001b[90m// 测试期望为抛出 Error()，不带特定消息\u001b[39m\n    \u001b[31m\u001b[1m>\u001b[22m\u001b[39m\u001b[90m 879 |\u001b[39m       \u001b[36mthrow\u001b[39m \u001b[36mnew\u001b[39m \u001b[33mError\u001b[39m()\u001b[33m;\u001b[39m\n     \u001b[90m     |\u001b[39m             \u001b[31m\u001b[1m^\u001b[22m\u001b[39m\n     \u001b[90m 880 |\u001b[39m     }\n     \u001b[90m 881 |\u001b[39m   }\n     \u001b[90m 882 |\u001b[39m\u001b[0m\n\n      \u001b[2mat ProductsService.getSearchEngineStatus (\u001b[22msrc/products/products.service.ts\u001b[2m:879:13)\u001b[22m\n      \u001b[2mat Object.<anonymous> (\u001b[22msrc/products/products.service.spec.ts\u001b[2m:842:7)\u001b[22m\n    at Object.toThrow (D:\\onlinestore\\backend\\node_modules\\expect\\build\\index.js:218:22)\n    at Object.<anonymous> (D:\\onlinestore\\backend\\src\\products\\products.service.spec.ts:842:61)\n    at Promise.then.completed (D:\\onlinestore\\backend\\node_modules\\jest-circus\\build\\utils.js:298:28)\n    at new Promise (<anonymous>)\n    at callAsyncCircusFn (D:\\onlinestore\\backend\\node_modules\\jest-circus\\build\\utils.js:231:10)\n    at _callCircusTest (D:\\onlinestore\\backend\\node_modules\\jest-circus\\build\\run.js:316:40)\n    at _runTest (D:\\onlinestore\\backend\\node_modules\\jest-circus\\build\\run.js:252:3)\n    at _runTestsForDescribeBlock (D:\\onlinestore\\backend\\node_modules\\jest-circus\\build\\run.js:126:9)\n    at _runTestsForDescribeBlock (D:\\onlinestore\\backend\\node_modules\\jest-circus\\build\\run.js:121:9)\n    at _runTestsForDescribeBlock (D:\\onlinestore\\backend\\node_modules\\jest-circus\\build\\run.js:121:9)\n    at run (D:\\onlinestore\\backend\\node_modules\\jest-circus\\build\\run.js:71:3)\n    at runAndTransformResultsToJestFormat (D:\\onlinestore\\backend\\node_modules\\jest-circus\\build\\legacy-code-todo-rewrite\\jestAdapterInit.js:122:21)\n    at jestAdapter (D:\\onlinestore\\backend\\node_modules\\jest-circus\\build\\legacy-code-todo-rewrite\\jestAdapter.js:79:19)\n    at runTestInternal (D:\\onlinestore\\backend\\node_modules\\jest-runner\\build\\runTest.js:367:16)\n    at runTest (D:\\onlinestore\\backend\\node_modules\\jest-runner\\build\\runTest.js:444:34)"],"fullName":"ProductsService Get Search Engine Status should throw error when getting status fails","invocations":1,"location":null,"numPassingAsserts":0,"retryReasons":[],"status":"failed","title":"should throw error when getting status fails"},{"ancestorTitles":["ProductsService","Integration Scenarios"],"duration":25,"failureDetails":[],"failureMessages":[],"fullName":"ProductsService Integration Scenarios should handle complete product lifecycle","invocations":1,"location":null,"numPassingAsserts":3,"retryReasons":[],"status":"passed","title":"should handle complete product lifecycle"},{"ancestorTitles":["ProductsService","Integration Scenarios"],"duration":11,"failureDetails":[],"failureMessages":[],"fullName":"ProductsService Integration Scenarios should handle cache invalidation across operations","invocations":1,"location":null,"numPassingAsserts":1,"retryReasons":[],"status":"passed","title":"should handle cache invalidation across operations"},{"ancestorTitles":["ProductsService","Error Handling"],"duration":15,"failureDetails":[],"failureMessages":[],"fullName":"ProductsService Error Handling should handle cache errors gracefully","invocations":1,"location":null,"numPassingAsserts":1,"retryReasons":[],"status":"passed","title":"should handle cache errors gracefully"},{"ancestorTitles":["ProductsService","Error Handling"],"duration":13,"failureDetails":[],"failureMessages":[],"fullName":"ProductsService Error Handling should handle database errors gracefully","invocations":1,"location":null,"numPassingAsserts":1,"retryReasons":[],"status":"passed","title":"should handle database errors gracefully"},{"ancestorTitles":["ProductsService","Error Handling"],"duration":23,"failureDetails":[],"failureMessages":[],"fullName":"ProductsService Error Handling should handle search engine errors gracefully","invocations":1,"location":null,"numPassingAsserts":1,"retryReasons":[],"status":"passed","title":"should handle search engine errors gracefully"},{"ancestorTitles":["ProductsService","Performance Monitoring"],"duration":9,"failureDetails":[],"failureMessages":[],"fullName":"ProductsService Performance Monitoring should record cache hit metrics","invocations":1,"location":null,"numPassingAsserts":1,"retryReasons":[],"status":"passed","title":"should record cache hit metrics"},{"ancestorTitles":["ProductsService","Performance Monitoring"],"duration":20,"failureDetails":[],"failureMessages":[],"fullName":"ProductsService Performance Monitoring should record cache miss metrics","invocations":1,"location":null,"numPassingAsserts":1,"retryReasons":[],"status":"passed","title":"should record cache miss metrics"},{"ancestorTitles":["ProductsService","Performance Monitoring"],"duration":9,"failureDetails":[],"failureMessages":[],"fullName":"ProductsService Performance Monitoring should record database query metrics","invocations":1,"location":null,"numPassingAsserts":1,"retryReasons":[],"status":"passed","title":"should record database query metrics"}],"endTime":1760120570632,"message":"\u001b[1m\u001b[31m  \u001b[1m● \u001b[22m\u001b[1mProductsService › Find All Products › should fetch from database when not cached\u001b[39m\u001b[22m\n\n    \u001b[2mexpect(\u001b[22m\u001b[31mjest.fn()\u001b[39m\u001b[2m).\u001b[22mtoHaveBeenCalled\u001b[2m()\u001b[22m\n\n    Expected number of calls: >= \u001b[32m1\u001b[39m\n    Received number of calls:    \u001b[31m0\u001b[39m\n\u001b[2m\u001b[22m\n\u001b[2m    \u001b[0m \u001b[90m 694 |\u001b[39m\u001b[22m\n\u001b[2m     \u001b[90m 695 |\u001b[39m       expect(result)\u001b[33m.\u001b[39mtoEqual({ products\u001b[33m:\u001b[39m [mockProduct]\u001b[33m,\u001b[39m total\u001b[33m:\u001b[39m \u001b[35m1\u001b[39m })\u001b[33m;\u001b[39m\u001b[22m\n\u001b[2m    \u001b[31m\u001b[1m>\u001b[22m\u001b[2m\u001b[39m\u001b[90m 696 |\u001b[39m       expect(mockQueryBuilder\u001b[33m.\u001b[39mgetManyAndCount)\u001b[33m.\u001b[39mtoHaveBeenCalled()\u001b[33m;\u001b[39m\u001b[22m\n\u001b[2m     \u001b[90m     |\u001b[39m                                                \u001b[31m\u001b[1m^\u001b[22m\u001b[2m\u001b[39m\u001b[22m\n\u001b[2m     \u001b[90m 697 |\u001b[39m       expect(mockCacheManager\u001b[33m.\u001b[39m\u001b[36mset\u001b[39m)\u001b[33m.\u001b[39mtoHaveBeenCalledWith(\u001b[22m\n\u001b[2m     \u001b[90m 698 |\u001b[39m         \u001b[32m'caddy_shopping:products:list:1:20:测试'\u001b[39m\u001b[33m,\u001b[39m\u001b[22m\n\u001b[2m     \u001b[90m 699 |\u001b[39m         { products\u001b[33m:\u001b[39m [mockProduct]\u001b[33m,\u001b[39m total\u001b[33m:\u001b[39m \u001b[35m1\u001b[39m }\u001b[33m,\u001b[39m\u001b[0m\u001b[22m\n\u001b[2m\u001b[22m\n\u001b[2m      \u001b[2mat Object.<anonymous> (\u001b[22m\u001b[2m\u001b[0m\u001b[36mproducts/products.service.spec.ts\u001b[39m\u001b[0m\u001b[2m:696:48)\u001b[22m\u001b[2m\u001b[22m\n\n\u001b[1m\u001b[31m  \u001b[1m● \u001b[22m\u001b[1mProductsService › Find By Category › should fetch from database when not cached\u001b[39m\u001b[22m\n\n    \u001b[2mexpect(\u001b[22m\u001b[31mjest.fn()\u001b[39m\u001b[2m).\u001b[22mtoHaveBeenCalled\u001b[2m()\u001b[22m\n\n    Expected number of calls: >= \u001b[32m1\u001b[39m\n    Received number of calls:    \u001b[31m0\u001b[39m\n\u001b[2m\u001b[22m\n\u001b[2m    \u001b[0m \u001b[90m 735 |\u001b[39m\u001b[22m\n\u001b[2m     \u001b[90m 736 |\u001b[39m       expect(result)\u001b[33m.\u001b[39mtoEqual([mockProduct])\u001b[33m;\u001b[39m\u001b[22m\n\u001b[2m    \u001b[31m\u001b[1m>\u001b[22m\u001b[2m\u001b[39m\u001b[90m 737 |\u001b[39m       expect(mockQueryBuilder\u001b[33m.\u001b[39mgetMany)\u001b[33m.\u001b[39mtoHaveBeenCalled()\u001b[33m;\u001b[39m\u001b[22m\n\u001b[2m     \u001b[90m     |\u001b[39m                                        \u001b[31m\u001b[1m^\u001b[22m\u001b[2m\u001b[39m\u001b[22m\n\u001b[2m     \u001b[90m 738 |\u001b[39m       expect(mockCacheManager\u001b[33m.\u001b[39m\u001b[36mset\u001b[39m)\u001b[33m.\u001b[39mtoHaveBeenCalledWith(\u001b[22m\n\u001b[2m     \u001b[90m 739 |\u001b[39m         \u001b[32m'caddy_shopping:products:category:测试分类:10'\u001b[39m\u001b[33m,\u001b[39m\u001b[22m\n\u001b[2m     \u001b[90m 740 |\u001b[39m         [mockProduct]\u001b[33m,\u001b[39m\u001b[0m\u001b[22m\n\u001b[2m\u001b[22m\n\u001b[2m      \u001b[2mat Object.<anonymous> (\u001b[22m\u001b[2m\u001b[0m\u001b[36mproducts/products.service.spec.ts\u001b[39m\u001b[0m\u001b[2m:737:40)\u001b[22m\u001b[2m\u001b[22m\n\n\u001b[1m\u001b[31m  \u001b[1m● \u001b[22m\u001b[1mProductsService › Get Search Engine Status › should return search engine status\u001b[39m\u001b[22m\n\n    \u001b[2mexpect(\u001b[22m\u001b[31mreceived\u001b[39m\u001b[2m).\u001b[22mtoEqual\u001b[2m(\u001b[22m\u001b[32mexpected\u001b[39m\u001b[2m) // deep equality\u001b[22m\n\n    \u001b[32m- Expected  - 1\u001b[39m\n    \u001b[31m+ Received  + 1\u001b[39m\n\n    \u001b[2m  Object {\u001b[22m\n    \u001b[2m    \"status\": \"healthy\",\u001b[22m\n    \u001b[32m-   \"uptime\": 3600,\u001b[39m\n    \u001b[31m+   \"uptime\": 0,\u001b[39m\n    \u001b[2m  }\u001b[22m\n\u001b[2m\u001b[22m\n\u001b[2m    \u001b[0m \u001b[90m 833 |\u001b[39m       \u001b[36mconst\u001b[39m result \u001b[33m=\u001b[39m \u001b[36mawait\u001b[39m service\u001b[33m.\u001b[39mgetSearchEngineStatus()\u001b[33m;\u001b[39m\u001b[22m\n\u001b[2m     \u001b[90m 834 |\u001b[39m\u001b[22m\n\u001b[2m    \u001b[31m\u001b[1m>\u001b[22m\u001b[2m\u001b[39m\u001b[90m 835 |\u001b[39m       expect(result)\u001b[33m.\u001b[39mtoEqual(status)\u001b[33m;\u001b[39m\u001b[22m\n\u001b[2m     \u001b[90m     |\u001b[39m                      \u001b[31m\u001b[1m^\u001b[22m\u001b[2m\u001b[39m\u001b[22m\n\u001b[2m     \u001b[90m 836 |\u001b[39m       expect(mockSearchManagerService\u001b[33m.\u001b[39mgetStatus)\u001b[33m.\u001b[39mtoHaveBeenCalled()\u001b[33m;\u001b[39m\u001b[22m\n\u001b[2m     \u001b[90m 837 |\u001b[39m     })\u001b[33m;\u001b[39m\u001b[22m\n\u001b[2m     \u001b[90m 838 |\u001b[39m\u001b[0m\u001b[22m\n\u001b[2m\u001b[22m\n\u001b[2m      \u001b[2mat Object.<anonymous> (\u001b[22m\u001b[2m\u001b[0m\u001b[36mproducts/products.service.spec.ts\u001b[39m\u001b[0m\u001b[2m:835:22)\u001b[22m\u001b[2m\u001b[22m\n\n\u001b[1m\u001b[31m  \u001b[1m● \u001b[22m\u001b[1mProductsService › Get Search Engine Status › should throw error when getting status fails\u001b[39m\u001b[22m\n\n    \u001b[2mexpect(\u001b[22m\u001b[31mreceived\u001b[39m\u001b[2m).\u001b[22mrejects\u001b[2m.\u001b[22mtoThrow\u001b[2m(\u001b[22m\u001b[32mexpected\u001b[39m\u001b[2m)\u001b[22m\n\n    Expected substring: \u001b[32m\"Status error\"\u001b[39m\n    Received message:   \u001b[31m\"\"\u001b[39m\n\n        \u001b[0m \u001b[90m 877 |\u001b[39m       console\u001b[33m.\u001b[39merror(\u001b[32m'获取搜索引擎状态失败:'\u001b[39m\u001b[33m,\u001b[39m error)\u001b[33m;\u001b[39m\n         \u001b[90m 878 |\u001b[39m       \u001b[90m// 测试期望为抛出 Error()，不带特定消息\u001b[39m\n        \u001b[31m\u001b[1m>\u001b[22m\u001b[39m\u001b[90m 879 |\u001b[39m       \u001b[36mthrow\u001b[39m \u001b[36mnew\u001b[39m \u001b[33mError\u001b[39m()\u001b[33m;\u001b[39m\n         \u001b[90m     |\u001b[39m             \u001b[31m\u001b[1m^\u001b[22m\u001b[39m\n         \u001b[90m 880 |\u001b[39m     }\n         \u001b[90m 881 |\u001b[39m   }\n         \u001b[90m 882 |\u001b[39m\u001b[0m\n\n          \u001b[2mat ProductsService.getSearchEngineStatus (\u001b[22msrc/products/products.service.ts\u001b[2m:879:13)\u001b[22m\n          \u001b[2mat Object.<anonymous> (\u001b[22msrc/products/products.service.spec.ts\u001b[2m:842:7)\u001b[22m\n\u001b[2m\u001b[22m\n\u001b[2m    \u001b[0m \u001b[90m 840 |\u001b[39m       mockSearchManagerService\u001b[33m.\u001b[39mgetStatus\u001b[33m.\u001b[39mmockRejectedValue(\u001b[36mnew\u001b[39m \u001b[33mError\u001b[39m(\u001b[32m'Status error'\u001b[39m))\u001b[33m;\u001b[39m\u001b[22m\n\u001b[2m     \u001b[90m 841 |\u001b[39m\u001b[22m\n\u001b[2m    \u001b[31m\u001b[1m>\u001b[22m\u001b[2m\u001b[39m\u001b[90m 842 |\u001b[39m       \u001b[36mawait\u001b[39m expect(service\u001b[33m.\u001b[39mgetSearchEngineStatus())\u001b[33m.\u001b[39mrejects\u001b[33m.\u001b[39mtoThrow(\u001b[32m'Status error'\u001b[39m)\u001b[33m;\u001b[39m\u001b[22m\n\u001b[2m     \u001b[90m     |\u001b[39m                                                             \u001b[31m\u001b[1m^\u001b[22m\u001b[2m\u001b[39m\u001b[22m\n\u001b[2m     \u001b[90m 843 |\u001b[39m     })\u001b[33m;\u001b[39m\u001b[22m\n\u001b[2m     \u001b[90m 844 |\u001b[39m   })\u001b[33m;\u001b[39m\u001b[22m\n\u001b[2m     \u001b[90m 845 |\u001b[39m\u001b[0m\u001b[22m\n\u001b[2m\u001b[22m\n\u001b[2m      \u001b[2mat Object.toThrow (\u001b[22m\u001b[2m../node_modules/expect/build/index.js\u001b[2m:218:22)\u001b[22m\u001b[2m\u001b[22m\n\u001b[2m      \u001b[2mat Object.<anonymous> (\u001b[22m\u001b[2m\u001b[0m\u001b[36mproducts/products.service.spec.ts\u001b[39m\u001b[0m\u001b[2m:842:61)\u001b[22m\u001b[2m\u001b[22m\n","name":"D:\\onlinestore\\backend\\src\\products\\products.service.spec.ts","startTime":1760120567726,"status":"failed","summary":""},{"assertionResults":[{"ancestorTitles":["PaymentService","基础功能测试"],"duration":19,"failureDetails":[],"failureMessages":[],"fullName":"PaymentService 基础功能测试 should be defined","invocations":1,"location":null,"numPassingAsserts":1,"retryReasons":[],"status":"passed","title":"should be defined"},{"ancestorTitles":["PaymentService","基础功能测试"],"duration":9,"failureDetails":[],"failureMessages":[],"fullName":"PaymentService 基础功能测试 should get payment status successfully","invocations":1,"location":null,"numPassingAsserts":2,"retryReasons":[],"status":"passed","title":"should get payment status successfully"},{"ancestorTitles":["PaymentService","基础功能测试"],"duration":51,"failureDetails":[{"matcherResult":{"message":"\u001b[2mexpect(\u001b[22m\u001b[31mreceived\u001b[39m\u001b[2m).\u001b[22mrejects\u001b[2m.\u001b[22mtoThrow\u001b[2m(\u001b[22m\u001b[32mexpected\u001b[39m\u001b[2m)\u001b[22m\n\nExpected message: \u001b[32m\"Bad Request\"\u001b[39m\nReceived message: \u001b[31m\"支付记录不存在\"\u001b[39m\n\n    \u001b[0m \u001b[90m 130 |\u001b[39m\n     \u001b[90m 131 |\u001b[39m     \u001b[36mif\u001b[39m (\u001b[33m!\u001b[39mpayment) {\n    \u001b[31m\u001b[1m>\u001b[22m\u001b[39m\u001b[90m 132 |\u001b[39m       \u001b[36mthrow\u001b[39m \u001b[36mnew\u001b[39m \u001b[33mBadRequestException\u001b[39m(\u001b[32m'支付记录不存在'\u001b[39m)\u001b[33m;\u001b[39m\n     \u001b[90m     |\u001b[39m             \u001b[31m\u001b[1m^\u001b[22m\u001b[39m\n     \u001b[90m 133 |\u001b[39m     }\n     \u001b[90m 134 |\u001b[39m\n     \u001b[90m 135 |\u001b[39m     \u001b[90m// 如果支付状态为处理中，尝试主动查询第三方状态\u001b[39m\u001b[0m\n\n      \u001b[2mat PaymentService.getPaymentStatus (\u001b[22msrc/payment/payment.service.ts\u001b[2m:132:13)\u001b[22m\n      \u001b[2mat Object.<anonymous> (\u001b[22msrc/payment/payment.service.spec.ts\u001b[2m:188:7)\u001b[22m","pass":false},"message":"\u001b[2mexpect(\u001b[22m\u001b[31mreceived\u001b[39m\u001b[2m).\u001b[22mrejects\u001b[2m.\u001b[22mtoThrow\u001b[2m(\u001b[22m\u001b[32mexpected\u001b[39m\u001b[2m)\u001b[22m\n\nExpected message: \u001b[32m\"Bad Request\"\u001b[39m\nReceived message: \u001b[31m\"支付记录不存在\"\u001b[39m\n\n    \u001b[0m \u001b[90m 130 |\u001b[39m\n     \u001b[90m 131 |\u001b[39m     \u001b[36mif\u001b[39m (\u001b[33m!\u001b[39mpayment) {\n    \u001b[31m\u001b[1m>\u001b[22m\u001b[39m\u001b[90m 132 |\u001b[39m       \u001b[36mthrow\u001b[39m \u001b[36mnew\u001b[39m \u001b[33mBadRequestException\u001b[39m(\u001b[32m'支付记录不存在'\u001b[39m)\u001b[33m;\u001b[39m\n     \u001b[90m     |\u001b[39m             \u001b[31m\u001b[1m^\u001b[22m\u001b[39m\n     \u001b[90m 133 |\u001b[39m     }\n     \u001b[90m 134 |\u001b[39m\n     \u001b[90m 135 |\u001b[39m     \u001b[90m// 如果支付状态为处理中，尝试主动查询第三方状态\u001b[39m\u001b[0m\n\n      \u001b[2mat PaymentService.getPaymentStatus (\u001b[22msrc/payment/payment.service.ts\u001b[2m:132:13)\u001b[22m\n      \u001b[2mat Object.<anonymous> (\u001b[22msrc/payment/payment.service.spec.ts\u001b[2m:188:7)\u001b[22m"}],"failureMessages":["Error: \u001b[2mexpect(\u001b[22m\u001b[31mreceived\u001b[39m\u001b[2m).\u001b[22mrejects\u001b[2m.\u001b[22mtoThrow\u001b[2m(\u001b[22m\u001b[32mexpected\u001b[39m\u001b[2m)\u001b[22m\n\nExpected message: \u001b[32m\"Bad Request\"\u001b[39m\nReceived message: \u001b[31m\"支付记录不存在\"\u001b[39m\n\n    \u001b[0m \u001b[90m 130 |\u001b[39m\n     \u001b[90m 131 |\u001b[39m     \u001b[36mif\u001b[39m (\u001b[33m!\u001b[39mpayment) {\n    \u001b[31m\u001b[1m>\u001b[22m\u001b[39m\u001b[90m 132 |\u001b[39m       \u001b[36mthrow\u001b[39m \u001b[36mnew\u001b[39m \u001b[33mBadRequestException\u001b[39m(\u001b[32m'支付记录不存在'\u001b[39m)\u001b[33m;\u001b[39m\n     \u001b[90m     |\u001b[39m             \u001b[31m\u001b[1m^\u001b[22m\u001b[39m\n     \u001b[90m 133 |\u001b[39m     }\n     \u001b[90m 134 |\u001b[39m\n     \u001b[90m 135 |\u001b[39m     \u001b[90m// 如果支付状态为处理中，尝试主动查询第三方状态\u001b[39m\u001b[0m\n\n      \u001b[2mat PaymentService.getPaymentStatus (\u001b[22msrc/payment/payment.service.ts\u001b[2m:132:13)\u001b[22m\n      \u001b[2mat Object.<anonymous> (\u001b[22msrc/payment/payment.service.spec.ts\u001b[2m:188:7)\u001b[22m\n    at Object.toThrow (D:\\onlinestore\\backend\\node_modules\\expect\\build\\index.js:218:22)\n    at Object.<anonymous> (D:\\onlinestore\\backend\\src\\payment\\payment.service.spec.ts:188:70)\n    at Promise.then.completed (D:\\onlinestore\\backend\\node_modules\\jest-circus\\build\\utils.js:298:28)\n    at new Promise (<anonymous>)\n    at callAsyncCircusFn (D:\\onlinestore\\backend\\node_modules\\jest-circus\\build\\utils.js:231:10)\n    at _callCircusTest (D:\\onlinestore\\backend\\node_modules\\jest-circus\\build\\run.js:316:40)\n    at _runTest (D:\\onlinestore\\backend\\node_modules\\jest-circus\\build\\run.js:252:3)\n    at _runTestsForDescribeBlock (D:\\onlinestore\\backend\\node_modules\\jest-circus\\build\\run.js:126:9)\n    at _runTestsForDescribeBlock (D:\\onlinestore\\backend\\node_modules\\jest-circus\\build\\run.js:121:9)\n    at _runTestsForDescribeBlock (D:\\onlinestore\\backend\\node_modules\\jest-circus\\build\\run.js:121:9)\n    at run (D:\\onlinestore\\backend\\node_modules\\jest-circus\\build\\run.js:71:3)\n    at runAndTransformResultsToJestFormat (D:\\onlinestore\\backend\\node_modules\\jest-circus\\build\\legacy-code-todo-rewrite\\jestAdapterInit.js:122:21)\n    at jestAdapter (D:\\onlinestore\\backend\\node_modules\\jest-circus\\build\\legacy-code-todo-rewrite\\jestAdapter.js:79:19)\n    at runTestInternal (D:\\onlinestore\\backend\\node_modules\\jest-runner\\build\\runTest.js:367:16)\n    at runTest (D:\\onlinestore\\backend\\node_modules\\jest-runner\\build\\runTest.js:444:34)"],"fullName":"PaymentService 基础功能测试 should throw error when payment not found","invocations":1,"location":null,"numPassingAsserts":0,"retryReasons":[],"status":"failed","title":"should throw error when payment not found"},{"ancestorTitles":["PaymentService","支付创建测试"],"duration":10,"failureDetails":[],"failureMessages":[],"fullName":"PaymentService 支付创建测试 should create payment successfully","invocations":1,"location":null,"numPassingAsserts":8,"retryReasons":[],"status":"passed","title":"should create payment successfully"},{"ancestorTitles":["PaymentService","支付创建测试"],"duration":22,"failureDetails":[],"failureMessages":[],"fullName":"PaymentService 支付创建测试 should rollback transaction on error","invocations":1,"location":null,"numPassingAsserts":7,"retryReasons":[],"status":"passed","title":"should rollback transaction on error"},{"ancestorTitles":["PaymentService","支付创建测试"],"duration":24,"failureDetails":[{"matcherResult":{"message":"\u001b[2mexpect(\u001b[22m\u001b[31mreceived\u001b[39m\u001b[2m).\u001b[22mrejects\u001b[2m.\u001b[22mtoThrow\u001b[2m(\u001b[22m\u001b[32mexpected\u001b[39m\u001b[2m)\u001b[22m\n\nExpected message: \u001b[32m\"Bad Request\"\u001b[39m\nReceived message: \u001b[31m\"支付金额必须大于0\"\u001b[39m\n\n    \u001b[0m \u001b[90m 252 |\u001b[39m     }\n     \u001b[90m 253 |\u001b[39m     \u001b[36mif\u001b[39m (\u001b[33m!\u001b[39mdto\u001b[33m.\u001b[39mamount \u001b[33m||\u001b[39m dto\u001b[33m.\u001b[39mamount \u001b[33m<=\u001b[39m \u001b[35m0\u001b[39m) {\n    \u001b[31m\u001b[1m>\u001b[22m\u001b[39m\u001b[90m 254 |\u001b[39m       \u001b[36mthrow\u001b[39m \u001b[36mnew\u001b[39m \u001b[33mBadRequestException\u001b[39m(\u001b[32m'支付金额必须大于0'\u001b[39m)\u001b[33m;\u001b[39m\n     \u001b[90m     |\u001b[39m             \u001b[31m\u001b[1m^\u001b[22m\u001b[39m\n     \u001b[90m 255 |\u001b[39m     }\n     \u001b[90m 256 |\u001b[39m     \u001b[36mif\u001b[39m (\u001b[33m!\u001b[39mdto\u001b[33m.\u001b[39mmethod) {\n     \u001b[90m 257 |\u001b[39m       \u001b[36mthrow\u001b[39m \u001b[36mnew\u001b[39m \u001b[33mBadRequestException\u001b[39m(\u001b[32m'支付方式不能为空'\u001b[39m)\u001b[33m;\u001b[39m\u001b[0m\n\n      \u001b[2mat PaymentService.validateCreatePaymentDto (\u001b[22msrc/payment/payment.service.ts\u001b[2m:254:13)\u001b[22m\n      \u001b[2mat PaymentService.createPayment (\u001b[22msrc/payment/payment.service.ts\u001b[2m:73:10)\u001b[22m\n      \u001b[2mat Object.<anonymous> (\u001b[22msrc/payment/payment.service.spec.ts\u001b[2m:279:28)\u001b[22m","pass":false},"message":"\u001b[2mexpect(\u001b[22m\u001b[31mreceived\u001b[39m\u001b[2m).\u001b[22mrejects\u001b[2m.\u001b[22mtoThrow\u001b[2m(\u001b[22m\u001b[32mexpected\u001b[39m\u001b[2m)\u001b[22m\n\nExpected message: \u001b[32m\"Bad Request\"\u001b[39m\nReceived message: \u001b[31m\"支付金额必须大于0\"\u001b[39m\n\n    \u001b[0m \u001b[90m 252 |\u001b[39m     }\n     \u001b[90m 253 |\u001b[39m     \u001b[36mif\u001b[39m (\u001b[33m!\u001b[39mdto\u001b[33m.\u001b[39mamount \u001b[33m||\u001b[39m dto\u001b[33m.\u001b[39mamount \u001b[33m<=\u001b[39m \u001b[35m0\u001b[39m) {\n    \u001b[31m\u001b[1m>\u001b[22m\u001b[39m\u001b[90m 254 |\u001b[39m       \u001b[36mthrow\u001b[39m \u001b[36mnew\u001b[39m \u001b[33mBadRequestException\u001b[39m(\u001b[32m'支付金额必须大于0'\u001b[39m)\u001b[33m;\u001b[39m\n     \u001b[90m     |\u001b[39m             \u001b[31m\u001b[1m^\u001b[22m\u001b[39m\n     \u001b[90m 255 |\u001b[39m     }\n     \u001b[90m 256 |\u001b[39m     \u001b[36mif\u001b[39m (\u001b[33m!\u001b[39mdto\u001b[33m.\u001b[39mmethod) {\n     \u001b[90m 257 |\u001b[39m       \u001b[36mthrow\u001b[39m \u001b[36mnew\u001b[39m \u001b[33mBadRequestException\u001b[39m(\u001b[32m'支付方式不能为空'\u001b[39m)\u001b[33m;\u001b[39m\u001b[0m\n\n      \u001b[2mat PaymentService.validateCreatePaymentDto (\u001b[22msrc/payment/payment.service.ts\u001b[2m:254:13)\u001b[22m\n      \u001b[2mat PaymentService.createPayment (\u001b[22msrc/payment/payment.service.ts\u001b[2m:73:10)\u001b[22m\n      \u001b[2mat Object.<anonymous> (\u001b[22msrc/payment/payment.service.spec.ts\u001b[2m:279:28)\u001b[22m"}],"failureMessages":["Error: \u001b[2mexpect(\u001b[22m\u001b[31mreceived\u001b[39m\u001b[2m).\u001b[22mrejects\u001b[2m.\u001b[22mtoThrow\u001b[2m(\u001b[22m\u001b[32mexpected\u001b[39m\u001b[2m)\u001b[22m\n\nExpected message: \u001b[32m\"Bad Request\"\u001b[39m\nReceived message: \u001b[31m\"支付金额必须大于0\"\u001b[39m\n\n    \u001b[0m \u001b[90m 252 |\u001b[39m     }\n     \u001b[90m 253 |\u001b[39m     \u001b[36mif\u001b[39m (\u001b[33m!\u001b[39mdto\u001b[33m.\u001b[39mamount \u001b[33m||\u001b[39m dto\u001b[33m.\u001b[39mamount \u001b[33m<=\u001b[39m \u001b[35m0\u001b[39m) {\n    \u001b[31m\u001b[1m>\u001b[22m\u001b[39m\u001b[90m 254 |\u001b[39m       \u001b[36mthrow\u001b[39m \u001b[36mnew\u001b[39m \u001b[33mBadRequestException\u001b[39m(\u001b[32m'支付金额必须大于0'\u001b[39m)\u001b[33m;\u001b[39m\n     \u001b[90m     |\u001b[39m             \u001b[31m\u001b[1m^\u001b[22m\u001b[39m\n     \u001b[90m 255 |\u001b[39m     }\n     \u001b[90m 256 |\u001b[39m     \u001b[36mif\u001b[39m (\u001b[33m!\u001b[39mdto\u001b[33m.\u001b[39mmethod) {\n     \u001b[90m 257 |\u001b[39m       \u001b[36mthrow\u001b[39m \u001b[36mnew\u001b[39m \u001b[33mBadRequestException\u001b[39m(\u001b[32m'支付方式不能为空'\u001b[39m)\u001b[33m;\u001b[39m\u001b[0m\n\n      \u001b[2mat PaymentService.validateCreatePaymentDto (\u001b[22msrc/payment/payment.service.ts\u001b[2m:254:13)\u001b[22m\n      \u001b[2mat PaymentService.createPayment (\u001b[22msrc/payment/payment.service.ts\u001b[2m:73:10)\u001b[22m\n      \u001b[2mat Object.<anonymous> (\u001b[22msrc/payment/payment.service.spec.ts\u001b[2m:279:28)\u001b[22m\n    at Object.toThrow (D:\\onlinestore\\backend\\node_modules\\expect\\build\\index.js:218:22)\n    at Object.<anonymous> (D:\\onlinestore\\backend\\src\\payment\\payment.service.spec.ts:279:69)\n    at Promise.then.completed (D:\\onlinestore\\backend\\node_modules\\jest-circus\\build\\utils.js:298:28)\n    at new Promise (<anonymous>)\n    at callAsyncCircusFn (D:\\onlinestore\\backend\\node_modules\\jest-circus\\build\\utils.js:231:10)\n    at _callCircusTest (D:\\onlinestore\\backend\\node_modules\\jest-circus\\build\\run.js:316:40)\n    at _runTest (D:\\onlinestore\\backend\\node_modules\\jest-circus\\build\\run.js:252:3)\n    at _runTestsForDescribeBlock (D:\\onlinestore\\backend\\node_modules\\jest-circus\\build\\run.js:126:9)\n    at _runTestsForDescribeBlock (D:\\onlinestore\\backend\\node_modules\\jest-circus\\build\\run.js:121:9)\n    at _runTestsForDescribeBlock (D:\\onlinestore\\backend\\node_modules\\jest-circus\\build\\run.js:121:9)\n    at run (D:\\onlinestore\\backend\\node_modules\\jest-circus\\build\\run.js:71:3)\n    at runAndTransformResultsToJestFormat (D:\\onlinestore\\backend\\node_modules\\jest-circus\\build\\legacy-code-todo-rewrite\\jestAdapterInit.js:122:21)\n    at jestAdapter (D:\\onlinestore\\backend\\node_modules\\jest-circus\\build\\legacy-code-todo-rewrite\\jestAdapter.js:79:19)\n    at runTestInternal (D:\\onlinestore\\backend\\node_modules\\jest-runner\\build\\runTest.js:367:16)\n    at runTest (D:\\onlinestore\\backend\\node_modules\\jest-runner\\build\\runTest.js:444:34)"],"fullName":"PaymentService 支付创建测试 should validate payment amount","invocations":1,"location":null,"numPassingAsserts":0,"retryReasons":[],"status":"failed","title":"should validate payment amount"},{"ancestorTitles":["PaymentService","支付创建测试"],"duration":24,"failureDetails":[{"matcherResult":{"message":"\u001b[2mexpect(\u001b[22m\u001b[31mreceived\u001b[39m\u001b[2m).\u001b[22mrejects\u001b[2m.\u001b[22mtoThrow\u001b[2m(\u001b[22m\u001b[32mexpected\u001b[39m\u001b[2m)\u001b[22m\n\nExpected message: \u001b[32m\"Bad Request\"\u001b[39m\nReceived message: \u001b[31m\"不支持的支付方式: invalid-method\"\u001b[39m\n\n    \u001b[0m \u001b[90m 295 |\u001b[39m     \u001b[36mconst\u001b[39m strategy \u001b[33m=\u001b[39m \u001b[36mthis\u001b[39m\u001b[33m.\u001b[39mpaymentStrategies\u001b[33m.\u001b[39m\u001b[36mget\u001b[39m(method\u001b[33m.\u001b[39mtoString())\u001b[33m;\u001b[39m\n     \u001b[90m 296 |\u001b[39m     \u001b[36mif\u001b[39m (\u001b[33m!\u001b[39mstrategy) {\n    \u001b[31m\u001b[1m>\u001b[22m\u001b[39m\u001b[90m 297 |\u001b[39m       \u001b[36mthrow\u001b[39m \u001b[36mnew\u001b[39m \u001b[33mBadRequestException\u001b[39m(\u001b[32m`不支持的支付方式: ${method}`\u001b[39m)\u001b[33m;\u001b[39m\n     \u001b[90m     |\u001b[39m             \u001b[31m\u001b[1m^\u001b[22m\u001b[39m\n     \u001b[90m 298 |\u001b[39m     }\n     \u001b[90m 299 |\u001b[39m     \u001b[36mreturn\u001b[39m strategy\u001b[33m;\u001b[39m\n     \u001b[90m 300 |\u001b[39m   }\u001b[0m\n\n      \u001b[2mat PaymentService.getPaymentStrategy (\u001b[22msrc/payment/payment.service.ts\u001b[2m:297:13)\u001b[22m\n      \u001b[2mat PaymentService.createPayment (\u001b[22msrc/payment/payment.service.ts\u001b[2m:94:29)\u001b[22m\n      \u001b[2mat Object.<anonymous> (\u001b[22msrc/payment/payment.service.spec.ts\u001b[2m:288:7)\u001b[22m","pass":false},"message":"\u001b[2mexpect(\u001b[22m\u001b[31mreceived\u001b[39m\u001b[2m).\u001b[22mrejects\u001b[2m.\u001b[22mtoThrow\u001b[2m(\u001b[22m\u001b[32mexpected\u001b[39m\u001b[2m)\u001b[22m\n\nExpected message: \u001b[32m\"Bad Request\"\u001b[39m\nReceived message: \u001b[31m\"不支持的支付方式: invalid-method\"\u001b[39m\n\n    \u001b[0m \u001b[90m 295 |\u001b[39m     \u001b[36mconst\u001b[39m strategy \u001b[33m=\u001b[39m \u001b[36mthis\u001b[39m\u001b[33m.\u001b[39mpaymentStrategies\u001b[33m.\u001b[39m\u001b[36mget\u001b[39m(method\u001b[33m.\u001b[39mtoString())\u001b[33m;\u001b[39m\n     \u001b[90m 296 |\u001b[39m     \u001b[36mif\u001b[39m (\u001b[33m!\u001b[39mstrategy) {\n    \u001b[31m\u001b[1m>\u001b[22m\u001b[39m\u001b[90m 297 |\u001b[39m       \u001b[36mthrow\u001b[39m \u001b[36mnew\u001b[39m \u001b[33mBadRequestException\u001b[39m(\u001b[32m`不支持的支付方式: ${method}`\u001b[39m)\u001b[33m;\u001b[39m\n     \u001b[90m     |\u001b[39m             \u001b[31m\u001b[1m^\u001b[22m\u001b[39m\n     \u001b[90m 298 |\u001b[39m     }\n     \u001b[90m 299 |\u001b[39m     \u001b[36mreturn\u001b[39m strategy\u001b[33m;\u001b[39m\n     \u001b[90m 300 |\u001b[39m   }\u001b[0m\n\n      \u001b[2mat PaymentService.getPaymentStrategy (\u001b[22msrc/payment/payment.service.ts\u001b[2m:297:13)\u001b[22m\n      \u001b[2mat PaymentService.createPayment (\u001b[22msrc/payment/payment.service.ts\u001b[2m:94:29)\u001b[22m\n      \u001b[2mat Object.<anonymous> (\u001b[22msrc/payment/payment.service.spec.ts\u001b[2m:288:7)\u001b[22m"}],"failureMessages":["Error: \u001b[2mexpect(\u001b[22m\u001b[31mreceived\u001b[39m\u001b[2m).\u001b[22mrejects\u001b[2m.\u001b[22mtoThrow\u001b[2m(\u001b[22m\u001b[32mexpected\u001b[39m\u001b[2m)\u001b[22m\n\nExpected message: \u001b[32m\"Bad Request\"\u001b[39m\nReceived message: \u001b[31m\"不支持的支付方式: invalid-method\"\u001b[39m\n\n    \u001b[0m \u001b[90m 295 |\u001b[39m     \u001b[36mconst\u001b[39m strategy \u001b[33m=\u001b[39m \u001b[36mthis\u001b[39m\u001b[33m.\u001b[39mpaymentStrategies\u001b[33m.\u001b[39m\u001b[36mget\u001b[39m(method\u001b[33m.\u001b[39mtoString())\u001b[33m;\u001b[39m\n     \u001b[90m 296 |\u001b[39m     \u001b[36mif\u001b[39m (\u001b[33m!\u001b[39mstrategy) {\n    \u001b[31m\u001b[1m>\u001b[22m\u001b[39m\u001b[90m 297 |\u001b[39m       \u001b[36mthrow\u001b[39m \u001b[36mnew\u001b[39m \u001b[33mBadRequestException\u001b[39m(\u001b[32m`不支持的支付方式: ${method}`\u001b[39m)\u001b[33m;\u001b[39m\n     \u001b[90m     |\u001b[39m             \u001b[31m\u001b[1m^\u001b[22m\u001b[39m\n     \u001b[90m 298 |\u001b[39m     }\n     \u001b[90m 299 |\u001b[39m     \u001b[36mreturn\u001b[39m strategy\u001b[33m;\u001b[39m\n     \u001b[90m 300 |\u001b[39m   }\u001b[0m\n\n      \u001b[2mat PaymentService.getPaymentStrategy (\u001b[22msrc/payment/payment.service.ts\u001b[2m:297:13)\u001b[22m\n      \u001b[2mat PaymentService.createPayment (\u001b[22msrc/payment/payment.service.ts\u001b[2m:94:29)\u001b[22m\n      \u001b[2mat Object.<anonymous> (\u001b[22msrc/payment/payment.service.spec.ts\u001b[2m:288:7)\u001b[22m\n    at Object.toThrow (D:\\onlinestore\\backend\\node_modules\\expect\\build\\index.js:218:22)\n    at Object.<anonymous> (D:\\onlinestore\\backend\\src\\payment\\payment.service.spec.ts:288:69)\n    at Promise.then.completed (D:\\onlinestore\\backend\\node_modules\\jest-circus\\build\\utils.js:298:28)\n    at new Promise (<anonymous>)\n    at callAsyncCircusFn (D:\\onlinestore\\backend\\node_modules\\jest-circus\\build\\utils.js:231:10)\n    at _callCircusTest (D:\\onlinestore\\backend\\node_modules\\jest-circus\\build\\run.js:316:40)\n    at _runTest (D:\\onlinestore\\backend\\node_modules\\jest-circus\\build\\run.js:252:3)\n    at _runTestsForDescribeBlock (D:\\onlinestore\\backend\\node_modules\\jest-circus\\build\\run.js:126:9)\n    at _runTestsForDescribeBlock (D:\\onlinestore\\backend\\node_modules\\jest-circus\\build\\run.js:121:9)\n    at _runTestsForDescribeBlock (D:\\onlinestore\\backend\\node_modules\\jest-circus\\build\\run.js:121:9)\n    at run (D:\\onlinestore\\backend\\node_modules\\jest-circus\\build\\run.js:71:3)\n    at runAndTransformResultsToJestFormat (D:\\onlinestore\\backend\\node_modules\\jest-circus\\build\\legacy-code-todo-rewrite\\jestAdapterInit.js:122:21)\n    at jestAdapter (D:\\onlinestore\\backend\\node_modules\\jest-circus\\build\\legacy-code-todo-rewrite\\jestAdapter.js:79:19)\n    at runTestInternal (D:\\onlinestore\\backend\\node_modules\\jest-runner\\build\\runTest.js:367:16)\n    at runTest (D:\\onlinestore\\backend\\node_modules\\jest-runner\\build\\runTest.js:444:34)"],"fullName":"PaymentService 支付创建测试 should validate payment method","invocations":1,"location":null,"numPassingAsserts":0,"retryReasons":[],"status":"failed","title":"should validate payment method"},{"ancestorTitles":["PaymentService","支付创建测试"],"duration":16,"failureDetails":[{"matcherResult":{"message":"\u001b[2mexpect(\u001b[22m\u001b[31mreceived\u001b[39m\u001b[2m).\u001b[22mrejects\u001b[2m.\u001b[22mtoThrow\u001b[2m(\u001b[22m\u001b[32mexpected\u001b[39m\u001b[2m)\u001b[22m\n\nExpected message: \u001b[32m\"Bad Request\"\u001b[39m\nReceived message: \u001b[31m\"不支持的支付方式: invalid_method\"\u001b[39m\n\n    \u001b[0m \u001b[90m 295 |\u001b[39m     \u001b[36mconst\u001b[39m strategy \u001b[33m=\u001b[39m \u001b[36mthis\u001b[39m\u001b[33m.\u001b[39mpaymentStrategies\u001b[33m.\u001b[39m\u001b[36mget\u001b[39m(method\u001b[33m.\u001b[39mtoString())\u001b[33m;\u001b[39m\n     \u001b[90m 296 |\u001b[39m     \u001b[36mif\u001b[39m (\u001b[33m!\u001b[39mstrategy) {\n    \u001b[31m\u001b[1m>\u001b[22m\u001b[39m\u001b[90m 297 |\u001b[39m       \u001b[36mthrow\u001b[39m \u001b[36mnew\u001b[39m \u001b[33mBadRequestException\u001b[39m(\u001b[32m`不支持的支付方式: ${method}`\u001b[39m)\u001b[33m;\u001b[39m\n     \u001b[90m     |\u001b[39m             \u001b[31m\u001b[1m^\u001b[22m\u001b[39m\n     \u001b[90m 298 |\u001b[39m     }\n     \u001b[90m 299 |\u001b[39m     \u001b[36mreturn\u001b[39m strategy\u001b[33m;\u001b[39m\n     \u001b[90m 300 |\u001b[39m   }\u001b[0m\n\n      \u001b[2mat PaymentService.getPaymentStrategy (\u001b[22msrc/payment/payment.service.ts\u001b[2m:297:13)\u001b[22m\n      \u001b[2mat PaymentService.createPayment (\u001b[22msrc/payment/payment.service.ts\u001b[2m:94:29)\u001b[22m\n      \u001b[2mat Object.<anonymous> (\u001b[22msrc/payment/payment.service.spec.ts\u001b[2m:306:7)\u001b[22m","pass":false},"message":"\u001b[2mexpect(\u001b[22m\u001b[31mreceived\u001b[39m\u001b[2m).\u001b[22mrejects\u001b[2m.\u001b[22mtoThrow\u001b[2m(\u001b[22m\u001b[32mexpected\u001b[39m\u001b[2m)\u001b[22m\n\nExpected message: \u001b[32m\"Bad Request\"\u001b[39m\nReceived message: \u001b[31m\"不支持的支付方式: invalid_method\"\u001b[39m\n\n    \u001b[0m \u001b[90m 295 |\u001b[39m     \u001b[36mconst\u001b[39m strategy \u001b[33m=\u001b[39m \u001b[36mthis\u001b[39m\u001b[33m.\u001b[39mpaymentStrategies\u001b[33m.\u001b[39m\u001b[36mget\u001b[39m(method\u001b[33m.\u001b[39mtoString())\u001b[33m;\u001b[39m\n     \u001b[90m 296 |\u001b[39m     \u001b[36mif\u001b[39m (\u001b[33m!\u001b[39mstrategy) {\n    \u001b[31m\u001b[1m>\u001b[22m\u001b[39m\u001b[90m 297 |\u001b[39m       \u001b[36mthrow\u001b[39m \u001b[36mnew\u001b[39m \u001b[33mBadRequestException\u001b[39m(\u001b[32m`不支持的支付方式: ${method}`\u001b[39m)\u001b[33m;\u001b[39m\n     \u001b[90m     |\u001b[39m             \u001b[31m\u001b[1m^\u001b[22m\u001b[39m\n     \u001b[90m 298 |\u001b[39m     }\n     \u001b[90m 299 |\u001b[39m     \u001b[36mreturn\u001b[39m strategy\u001b[33m;\u001b[39m\n     \u001b[90m 300 |\u001b[39m   }\u001b[0m\n\n      \u001b[2mat PaymentService.getPaymentStrategy (\u001b[22msrc/payment/payment.service.ts\u001b[2m:297:13)\u001b[22m\n      \u001b[2mat PaymentService.createPayment (\u001b[22msrc/payment/payment.service.ts\u001b[2m:94:29)\u001b[22m\n      \u001b[2mat Object.<anonymous> (\u001b[22msrc/payment/payment.service.spec.ts\u001b[2m:306:7)\u001b[22m"}],"failureMessages":["Error: \u001b[2mexpect(\u001b[22m\u001b[31mreceived\u001b[39m\u001b[2m).\u001b[22mrejects\u001b[2m.\u001b[22mtoThrow\u001b[2m(\u001b[22m\u001b[32mexpected\u001b[39m\u001b[2m)\u001b[22m\n\nExpected message: \u001b[32m\"Bad Request\"\u001b[39m\nReceived message: \u001b[31m\"不支持的支付方式: invalid_method\"\u001b[39m\n\n    \u001b[0m \u001b[90m 295 |\u001b[39m     \u001b[36mconst\u001b[39m strategy \u001b[33m=\u001b[39m \u001b[36mthis\u001b[39m\u001b[33m.\u001b[39mpaymentStrategies\u001b[33m.\u001b[39m\u001b[36mget\u001b[39m(method\u001b[33m.\u001b[39mtoString())\u001b[33m;\u001b[39m\n     \u001b[90m 296 |\u001b[39m     \u001b[36mif\u001b[39m (\u001b[33m!\u001b[39mstrategy) {\n    \u001b[31m\u001b[1m>\u001b[22m\u001b[39m\u001b[90m 297 |\u001b[39m       \u001b[36mthrow\u001b[39m \u001b[36mnew\u001b[39m \u001b[33mBadRequestException\u001b[39m(\u001b[32m`不支持的支付方式: ${method}`\u001b[39m)\u001b[33m;\u001b[39m\n     \u001b[90m     |\u001b[39m             \u001b[31m\u001b[1m^\u001b[22m\u001b[39m\n     \u001b[90m 298 |\u001b[39m     }\n     \u001b[90m 299 |\u001b[39m     \u001b[36mreturn\u001b[39m strategy\u001b[33m;\u001b[39m\n     \u001b[90m 300 |\u001b[39m   }\u001b[0m\n\n      \u001b[2mat PaymentService.getPaymentStrategy (\u001b[22msrc/payment/payment.service.ts\u001b[2m:297:13)\u001b[22m\n      \u001b[2mat PaymentService.createPayment (\u001b[22msrc/payment/payment.service.ts\u001b[2m:94:29)\u001b[22m\n      \u001b[2mat Object.<anonymous> (\u001b[22msrc/payment/payment.service.spec.ts\u001b[2m:306:7)\u001b[22m\n    at Object.toThrow (D:\\onlinestore\\backend\\node_modules\\expect\\build\\index.js:218:22)\n    at Object.<anonymous> (D:\\onlinestore\\backend\\src\\payment\\payment.service.spec.ts:306:69)\n    at Promise.then.completed (D:\\onlinestore\\backend\\node_modules\\jest-circus\\build\\utils.js:298:28)\n    at new Promise (<anonymous>)\n    at callAsyncCircusFn (D:\\onlinestore\\backend\\node_modules\\jest-circus\\build\\utils.js:231:10)\n    at _callCircusTest (D:\\onlinestore\\backend\\node_modules\\jest-circus\\build\\run.js:316:40)\n    at _runTest (D:\\onlinestore\\backend\\node_modules\\jest-circus\\build\\run.js:252:3)\n    at _runTestsForDescribeBlock (D:\\onlinestore\\backend\\node_modules\\jest-circus\\build\\run.js:126:9)\n    at _runTestsForDescribeBlock (D:\\onlinestore\\backend\\node_modules\\jest-circus\\build\\run.js:121:9)\n    at _runTestsForDescribeBlock (D:\\onlinestore\\backend\\node_modules\\jest-circus\\build\\run.js:121:9)\n    at run (D:\\onlinestore\\backend\\node_modules\\jest-circus\\build\\run.js:71:3)\n    at runAndTransformResultsToJestFormat (D:\\onlinestore\\backend\\node_modules\\jest-circus\\build\\legacy-code-todo-rewrite\\jestAdapterInit.js:122:21)\n    at jestAdapter (D:\\onlinestore\\backend\\node_modules\\jest-circus\\build\\legacy-code-todo-rewrite\\jestAdapter.js:79:19)\n    at runTestInternal (D:\\onlinestore\\backend\\node_modules\\jest-runner\\build\\runTest.js:367:16)\n    at runTest (D:\\onlinestore\\backend\\node_modules\\jest-runner\\build\\runTest.js:444:34)"],"fullName":"PaymentService 支付创建测试 should handle strategy creation failure","invocations":1,"location":null,"numPassingAsserts":0,"retryReasons":[],"status":"failed","title":"should handle strategy creation failure"},{"ancestorTitles":["PaymentService","支付回调处理测试"],"duration":21,"failureDetails":[],"failureMessages":[],"fullName":"PaymentService 支付回调处理测试 should handle successful payment callback","invocations":1,"location":null,"numPassingAsserts":1,"retryReasons":[],"status":"passed","title":"should handle successful payment callback"},{"ancestorTitles":["PaymentService","支付回调处理测试"],"duration":11,"failureDetails":[],"failureMessages":[],"fullName":"PaymentService 支付回调处理测试 should handle callback for non-existent payment","invocations":1,"location":null,"numPassingAsserts":1,"retryReasons":[],"status":"passed","title":"should handle callback for non-existent payment"},{"ancestorTitles":["PaymentService","支付查询测试"],"duration":12,"failureDetails":[],"failureMessages":[],"fullName":"PaymentService 支付查询测试 should query payment successfully","invocations":1,"location":null,"numPassingAsserts":1,"retryReasons":[],"status":"passed","title":"should query payment successfully"},{"ancestorTitles":["PaymentService","退款功能测试"],"duration":17,"failureDetails":[],"failureMessages":[],"fullName":"PaymentService 退款功能测试 should create refund successfully","invocations":1,"location":null,"numPassingAsserts":2,"retryReasons":[],"status":"passed","title":"should create refund successfully"},{"ancestorTitles":["PaymentService","退款功能测试"],"duration":11,"failureDetails":[{"matcherResult":{"message":"\u001b[2mexpect(\u001b[22m\u001b[31mreceived\u001b[39m\u001b[2m).\u001b[22mrejects\u001b[2m.\u001b[22mtoThrow\u001b[2m(\u001b[22m\u001b[32mexpected\u001b[39m\u001b[2m)\u001b[22m\n\nExpected message: \u001b[32m\"Bad Request\"\u001b[39m\nReceived message: \u001b[31m\"只有成功的支付才能退款\"\u001b[39m\n\n    \u001b[0m \u001b[90m 417 |\u001b[39m   \u001b[36mprivate\u001b[39m validateRefundEligibility(payment\u001b[33m:\u001b[39m \u001b[33mPayment\u001b[39m\u001b[33m,\u001b[39m amount\u001b[33m:\u001b[39m number)\u001b[33m:\u001b[39m \u001b[36mvoid\u001b[39m {\n     \u001b[90m 418 |\u001b[39m     \u001b[36mif\u001b[39m (payment\u001b[33m.\u001b[39mstatus \u001b[33m!==\u001b[39m \u001b[33mPaymentStatus\u001b[39m\u001b[33m.\u001b[39m\u001b[33mSUCCESS\u001b[39m) {\n    \u001b[31m\u001b[1m>\u001b[22m\u001b[39m\u001b[90m 419 |\u001b[39m       \u001b[36mthrow\u001b[39m \u001b[36mnew\u001b[39m \u001b[33mBadRequestException\u001b[39m(\u001b[32m'只有成功的支付才能退款'\u001b[39m)\u001b[33m;\u001b[39m\n     \u001b[90m     |\u001b[39m             \u001b[31m\u001b[1m^\u001b[22m\u001b[39m\n     \u001b[90m 420 |\u001b[39m     }\n     \u001b[90m 421 |\u001b[39m\n     \u001b[90m 422 |\u001b[39m     \u001b[36mconst\u001b[39m totalRefunded \u001b[33m=\u001b[39m payment\u001b[33m.\u001b[39mrefundedAmount \u001b[33m||\u001b[39m \u001b[35m0\u001b[39m\u001b[33m;\u001b[39m\u001b[0m\n\n      \u001b[2mat PaymentService.validateRefundEligibility (\u001b[22msrc/payment/payment.service.ts\u001b[2m:419:13)\u001b[22m\n      \u001b[2mat PaymentService.refundPayment (\u001b[22msrc/payment/payment.service.ts\u001b[2m:185:10)\u001b[22m\n      \u001b[2mat Object.<anonymous> (\u001b[22msrc/payment/payment.service.spec.ts\u001b[2m:531:7)\u001b[22m","pass":false},"message":"\u001b[2mexpect(\u001b[22m\u001b[31mreceived\u001b[39m\u001b[2m).\u001b[22mrejects\u001b[2m.\u001b[22mtoThrow\u001b[2m(\u001b[22m\u001b[32mexpected\u001b[39m\u001b[2m)\u001b[22m\n\nExpected message: \u001b[32m\"Bad Request\"\u001b[39m\nReceived message: \u001b[31m\"只有成功的支付才能退款\"\u001b[39m\n\n    \u001b[0m \u001b[90m 417 |\u001b[39m   \u001b[36mprivate\u001b[39m validateRefundEligibility(payment\u001b[33m:\u001b[39m \u001b[33mPayment\u001b[39m\u001b[33m,\u001b[39m amount\u001b[33m:\u001b[39m number)\u001b[33m:\u001b[39m \u001b[36mvoid\u001b[39m {\n     \u001b[90m 418 |\u001b[39m     \u001b[36mif\u001b[39m (payment\u001b[33m.\u001b[39mstatus \u001b[33m!==\u001b[39m \u001b[33mPaymentStatus\u001b[39m\u001b[33m.\u001b[39m\u001b[33mSUCCESS\u001b[39m) {\n    \u001b[31m\u001b[1m>\u001b[22m\u001b[39m\u001b[90m 419 |\u001b[39m       \u001b[36mthrow\u001b[39m \u001b[36mnew\u001b[39m \u001b[33mBadRequestException\u001b[39m(\u001b[32m'只有成功的支付才能退款'\u001b[39m)\u001b[33m;\u001b[39m\n     \u001b[90m     |\u001b[39m             \u001b[31m\u001b[1m^\u001b[22m\u001b[39m\n     \u001b[90m 420 |\u001b[39m     }\n     \u001b[90m 421 |\u001b[39m\n     \u001b[90m 422 |\u001b[39m     \u001b[36mconst\u001b[39m totalRefunded \u001b[33m=\u001b[39m payment\u001b[33m.\u001b[39mrefundedAmount \u001b[33m||\u001b[39m \u001b[35m0\u001b[39m\u001b[33m;\u001b[39m\u001b[0m\n\n      \u001b[2mat PaymentService.validateRefundEligibility (\u001b[22msrc/payment/payment.service.ts\u001b[2m:419:13)\u001b[22m\n      \u001b[2mat PaymentService.refundPayment (\u001b[22msrc/payment/payment.service.ts\u001b[2m:185:10)\u001b[22m\n      \u001b[2mat Object.<anonymous> (\u001b[22msrc/payment/payment.service.spec.ts\u001b[2m:531:7)\u001b[22m"}],"failureMessages":["Error: \u001b[2mexpect(\u001b[22m\u001b[31mreceived\u001b[39m\u001b[2m).\u001b[22mrejects\u001b[2m.\u001b[22mtoThrow\u001b[2m(\u001b[22m\u001b[32mexpected\u001b[39m\u001b[2m)\u001b[22m\n\nExpected message: \u001b[32m\"Bad Request\"\u001b[39m\nReceived message: \u001b[31m\"只有成功的支付才能退款\"\u001b[39m\n\n    \u001b[0m \u001b[90m 417 |\u001b[39m   \u001b[36mprivate\u001b[39m validateRefundEligibility(payment\u001b[33m:\u001b[39m \u001b[33mPayment\u001b[39m\u001b[33m,\u001b[39m amount\u001b[33m:\u001b[39m number)\u001b[33m:\u001b[39m \u001b[36mvoid\u001b[39m {\n     \u001b[90m 418 |\u001b[39m     \u001b[36mif\u001b[39m (payment\u001b[33m.\u001b[39mstatus \u001b[33m!==\u001b[39m \u001b[33mPaymentStatus\u001b[39m\u001b[33m.\u001b[39m\u001b[33mSUCCESS\u001b[39m) {\n    \u001b[31m\u001b[1m>\u001b[22m\u001b[39m\u001b[90m 419 |\u001b[39m       \u001b[36mthrow\u001b[39m \u001b[36mnew\u001b[39m \u001b[33mBadRequestException\u001b[39m(\u001b[32m'只有成功的支付才能退款'\u001b[39m)\u001b[33m;\u001b[39m\n     \u001b[90m     |\u001b[39m             \u001b[31m\u001b[1m^\u001b[22m\u001b[39m\n     \u001b[90m 420 |\u001b[39m     }\n     \u001b[90m 421 |\u001b[39m\n     \u001b[90m 422 |\u001b[39m     \u001b[36mconst\u001b[39m totalRefunded \u001b[33m=\u001b[39m payment\u001b[33m.\u001b[39mrefundedAmount \u001b[33m||\u001b[39m \u001b[35m0\u001b[39m\u001b[33m;\u001b[39m\u001b[0m\n\n      \u001b[2mat PaymentService.validateRefundEligibility (\u001b[22msrc/payment/payment.service.ts\u001b[2m:419:13)\u001b[22m\n      \u001b[2mat PaymentService.refundPayment (\u001b[22msrc/payment/payment.service.ts\u001b[2m:185:10)\u001b[22m\n      \u001b[2mat Object.<anonymous> (\u001b[22msrc/payment/payment.service.spec.ts\u001b[2m:531:7)\u001b[22m\n    at Object.toThrow (D:\\onlinestore\\backend\\node_modules\\expect\\build\\index.js:218:22)\n    at Object.<anonymous> (D:\\onlinestore\\backend\\src\\payment\\payment.service.spec.ts:531:69)\n    at Promise.then.completed (D:\\onlinestore\\backend\\node_modules\\jest-circus\\build\\utils.js:298:28)\n    at new Promise (<anonymous>)\n    at callAsyncCircusFn (D:\\onlinestore\\backend\\node_modules\\jest-circus\\build\\utils.js:231:10)\n    at _callCircusTest (D:\\onlinestore\\backend\\node_modules\\jest-circus\\build\\run.js:316:40)\n    at _runTest (D:\\onlinestore\\backend\\node_modules\\jest-circus\\build\\run.js:252:3)\n    at _runTestsForDescribeBlock (D:\\onlinestore\\backend\\node_modules\\jest-circus\\build\\run.js:126:9)\n    at _runTestsForDescribeBlock (D:\\onlinestore\\backend\\node_modules\\jest-circus\\build\\run.js:121:9)\n    at _runTestsForDescribeBlock (D:\\onlinestore\\backend\\node_modules\\jest-circus\\build\\run.js:121:9)\n    at run (D:\\onlinestore\\backend\\node_modules\\jest-circus\\build\\run.js:71:3)\n    at runAndTransformResultsToJestFormat (D:\\onlinestore\\backend\\node_modules\\jest-circus\\build\\legacy-code-todo-rewrite\\jestAdapterInit.js:122:21)\n    at jestAdapter (D:\\onlinestore\\backend\\node_modules\\jest-circus\\build\\legacy-code-todo-rewrite\\jestAdapter.js:79:19)\n    at runTestInternal (D:\\onlinestore\\backend\\node_modules\\jest-runner\\build\\runTest.js:367:16)\n    at runTest (D:\\onlinestore\\backend\\node_modules\\jest-runner\\build\\runTest.js:444:34)"],"fullName":"PaymentService 退款功能测试 should reject refund for unpaid payment","invocations":1,"location":null,"numPassingAsserts":0,"retryReasons":[],"status":"failed","title":"should reject refund for unpaid payment"},{"ancestorTitles":["PaymentService","退款功能测试"],"duration":20,"failureDetails":[{"matcherResult":{"message":"\u001b[2mexpect(\u001b[22m\u001b[31mreceived\u001b[39m\u001b[2m).\u001b[22mrejects\u001b[2m.\u001b[22mtoThrow\u001b[2m(\u001b[22m\u001b[32mexpected\u001b[39m\u001b[2m)\u001b[22m\n\nExpected message: \u001b[32m\"Bad Request\"\u001b[39m\nReceived message: \u001b[31m\"退款金额不能超过可退款金额\"\u001b[39m\n\n    \u001b[0m \u001b[90m 422 |\u001b[39m     \u001b[36mconst\u001b[39m totalRefunded \u001b[33m=\u001b[39m payment\u001b[33m.\u001b[39mrefundedAmount \u001b[33m||\u001b[39m \u001b[35m0\u001b[39m\u001b[33m;\u001b[39m\n     \u001b[90m 423 |\u001b[39m     \u001b[36mif\u001b[39m (amount \u001b[33m>\u001b[39m payment\u001b[33m.\u001b[39mamount \u001b[33m-\u001b[39m totalRefunded) {\n    \u001b[31m\u001b[1m>\u001b[22m\u001b[39m\u001b[90m 424 |\u001b[39m       \u001b[36mthrow\u001b[39m \u001b[36mnew\u001b[39m \u001b[33mBadRequestException\u001b[39m(\u001b[32m'退款金额不能超过可退款金额'\u001b[39m)\u001b[33m;\u001b[39m\n     \u001b[90m     |\u001b[39m             \u001b[31m\u001b[1m^\u001b[22m\u001b[39m\n     \u001b[90m 425 |\u001b[39m     }\n     \u001b[90m 426 |\u001b[39m   }\n     \u001b[90m 427 |\u001b[39m\u001b[0m\n\n      \u001b[2mat PaymentService.validateRefundEligibility (\u001b[22msrc/payment/payment.service.ts\u001b[2m:424:13)\u001b[22m\n      \u001b[2mat PaymentService.refundPayment (\u001b[22msrc/payment/payment.service.ts\u001b[2m:185:10)\u001b[22m\n      \u001b[2mat Object.<anonymous> (\u001b[22msrc/payment/payment.service.spec.ts\u001b[2m:561:7)\u001b[22m","pass":false},"message":"\u001b[2mexpect(\u001b[22m\u001b[31mreceived\u001b[39m\u001b[2m).\u001b[22mrejects\u001b[2m.\u001b[22mtoThrow\u001b[2m(\u001b[22m\u001b[32mexpected\u001b[39m\u001b[2m)\u001b[22m\n\nExpected message: \u001b[32m\"Bad Request\"\u001b[39m\nReceived message: \u001b[31m\"退款金额不能超过可退款金额\"\u001b[39m\n\n    \u001b[0m \u001b[90m 422 |\u001b[39m     \u001b[36mconst\u001b[39m totalRefunded \u001b[33m=\u001b[39m payment\u001b[33m.\u001b[39mrefundedAmount \u001b[33m||\u001b[39m \u001b[35m0\u001b[39m\u001b[33m;\u001b[39m\n     \u001b[90m 423 |\u001b[39m     \u001b[36mif\u001b[39m (amount \u001b[33m>\u001b[39m payment\u001b[33m.\u001b[39mamount \u001b[33m-\u001b[39m totalRefunded) {\n    \u001b[31m\u001b[1m>\u001b[22m\u001b[39m\u001b[90m 424 |\u001b[39m       \u001b[36mthrow\u001b[39m \u001b[36mnew\u001b[39m \u001b[33mBadRequestException\u001b[39m(\u001b[32m'退款金额不能超过可退款金额'\u001b[39m)\u001b[33m;\u001b[39m\n     \u001b[90m     |\u001b[39m             \u001b[31m\u001b[1m^\u001b[22m\u001b[39m\n     \u001b[90m 425 |\u001b[39m     }\n     \u001b[90m 426 |\u001b[39m   }\n     \u001b[90m 427 |\u001b[39m\u001b[0m\n\n      \u001b[2mat PaymentService.validateRefundEligibility (\u001b[22msrc/payment/payment.service.ts\u001b[2m:424:13)\u001b[22m\n      \u001b[2mat PaymentService.refundPayment (\u001b[22msrc/payment/payment.service.ts\u001b[2m:185:10)\u001b[22m\n      \u001b[2mat Object.<anonymous> (\u001b[22msrc/payment/payment.service.spec.ts\u001b[2m:561:7)\u001b[22m"}],"failureMessages":["Error: \u001b[2mexpect(\u001b[22m\u001b[31mreceived\u001b[39m\u001b[2m).\u001b[22mrejects\u001b[2m.\u001b[22mtoThrow\u001b[2m(\u001b[22m\u001b[32mexpected\u001b[39m\u001b[2m)\u001b[22m\n\nExpected message: \u001b[32m\"Bad Request\"\u001b[39m\nReceived message: \u001b[31m\"退款金额不能超过可退款金额\"\u001b[39m\n\n    \u001b[0m \u001b[90m 422 |\u001b[39m     \u001b[36mconst\u001b[39m totalRefunded \u001b[33m=\u001b[39m payment\u001b[33m.\u001b[39mrefundedAmount \u001b[33m||\u001b[39m \u001b[35m0\u001b[39m\u001b[33m;\u001b[39m\n     \u001b[90m 423 |\u001b[39m     \u001b[36mif\u001b[39m (amount \u001b[33m>\u001b[39m payment\u001b[33m.\u001b[39mamount \u001b[33m-\u001b[39m totalRefunded) {\n    \u001b[31m\u001b[1m>\u001b[22m\u001b[39m\u001b[90m 424 |\u001b[39m       \u001b[36mthrow\u001b[39m \u001b[36mnew\u001b[39m \u001b[33mBadRequestException\u001b[39m(\u001b[32m'退款金额不能超过可退款金额'\u001b[39m)\u001b[33m;\u001b[39m\n     \u001b[90m     |\u001b[39m             \u001b[31m\u001b[1m^\u001b[22m\u001b[39m\n     \u001b[90m 425 |\u001b[39m     }\n     \u001b[90m 426 |\u001b[39m   }\n     \u001b[90m 427 |\u001b[39m\u001b[0m\n\n      \u001b[2mat PaymentService.validateRefundEligibility (\u001b[22msrc/payment/payment.service.ts\u001b[2m:424:13)\u001b[22m\n      \u001b[2mat PaymentService.refundPayment (\u001b[22msrc/payment/payment.service.ts\u001b[2m:185:10)\u001b[22m\n      \u001b[2mat Object.<anonymous> (\u001b[22msrc/payment/payment.service.spec.ts\u001b[2m:561:7)\u001b[22m\n    at Object.toThrow (D:\\onlinestore\\backend\\node_modules\\expect\\build\\index.js:218:22)\n    at Object.<anonymous> (D:\\onlinestore\\backend\\src\\payment\\payment.service.spec.ts:561:70)\n    at Promise.then.completed (D:\\onlinestore\\backend\\node_modules\\jest-circus\\build\\utils.js:298:28)\n    at new Promise (<anonymous>)\n    at callAsyncCircusFn (D:\\onlinestore\\backend\\node_modules\\jest-circus\\build\\utils.js:231:10)\n    at _callCircusTest (D:\\onlinestore\\backend\\node_modules\\jest-circus\\build\\run.js:316:40)\n    at _runTest (D:\\onlinestore\\backend\\node_modules\\jest-circus\\build\\run.js:252:3)\n    at _runTestsForDescribeBlock (D:\\onlinestore\\backend\\node_modules\\jest-circus\\build\\run.js:126:9)\n    at _runTestsForDescribeBlock (D:\\onlinestore\\backend\\node_modules\\jest-circus\\build\\run.js:121:9)\n    at _runTestsForDescribeBlock (D:\\onlinestore\\backend\\node_modules\\jest-circus\\build\\run.js:121:9)\n    at run (D:\\onlinestore\\backend\\node_modules\\jest-circus\\build\\run.js:71:3)\n    at runAndTransformResultsToJestFormat (D:\\onlinestore\\backend\\node_modules\\jest-circus\\build\\legacy-code-todo-rewrite\\jestAdapterInit.js:122:21)\n    at jestAdapter (D:\\onlinestore\\backend\\node_modules\\jest-circus\\build\\legacy-code-todo-rewrite\\jestAdapter.js:79:19)\n    at runTestInternal (D:\\onlinestore\\backend\\node_modules\\jest-runner\\build\\runTest.js:367:16)\n    at runTest (D:\\onlinestore\\backend\\node_modules\\jest-runner\\build\\runTest.js:444:34)"],"fullName":"PaymentService 退款功能测试 should reject refund amount exceeding payment amount","invocations":1,"location":null,"numPassingAsserts":0,"retryReasons":[],"status":"failed","title":"should reject refund amount exceeding payment amount"},{"ancestorTitles":["PaymentService","批量查询测试"],"duration":7,"failureDetails":[],"failureMessages":[],"fullName":"PaymentService 批量查询测试 should batch get payment status","invocations":1,"location":null,"numPassingAsserts":2,"retryReasons":[],"status":"passed","title":"should batch get payment status"},{"ancestorTitles":["PaymentService","批量查询测试"],"duration":12,"failureDetails":[{"matcherResult":{"message":"\u001b[2mexpect(\u001b[22m\u001b[31mreceived\u001b[39m\u001b[2m).\u001b[22mrejects\u001b[2m.\u001b[22mtoThrow\u001b[2m(\u001b[22m\u001b[32mexpected\u001b[39m\u001b[2m)\u001b[22m\n\nExpected message: \u001b[32m\"Bad Request\"\u001b[39m\nReceived message: \u001b[31m\"批量查询数量不能超过100个\"\u001b[39m\n\n    \u001b[0m \u001b[90m 216 |
[...]
Service should be defined","invocations":1,"location":null,"numPassingAsserts":1,"retryReasons":[],"status":"passed","title":"should be defined"},{"ancestorTitles":["CqrsMetricsService"],"duration":20,"failureDetails":[],"failureMessages":[],"fullName":"CqrsMetricsService records query metrics and flushes to transport","invocations":1,"location":null,"numPassingAsserts":2,"retryReasons":[],"status":"passed","title":"records query metrics and flushes to transport"},{"ancestorTitles":["CqrsMetricsService"],"duration":8,"failureDetails":[],"failureMessages":[],"fullName":"CqrsMetricsService supports histogram buckets for swr refresh duration","invocations":1,"location":null,"numPassingAsserts":1,"retryReasons":[],"status":"passed","title":"supports histogram buckets for swr refresh duration"},{"ancestorTitles":["CqrsMetricsService"],"duration":38,"failureDetails":[],"failureMessages":[],"fullName":"CqrsMetricsService negative-path: when transport.log throws, metrics are re-buffered","invocations":1,"location":null,"numPassingAsserts":1,"retryReasons":[],"status":"passed","title":"negative-path: when transport.log throws, metrics are re-buffered"}],"endTime":1760120598799,"message":"","name":"D:\\onlinestore\\backend\\src\\cqrs\\metrics\\cqrs-metrics.service.spec.ts","startTime":1760120598142,"status":"passed","summary":""},{"assertionResults":[{"ancestorTitles":["SWRService"],"duration":38,"failureDetails":[],"failureMessages":[],"fullName":"SWRService 后台刷新应上报直方图与计数器（带 metrics mock）","invocations":1,"location":null,"numPassingAsserts":3,"retryReasons":[],"status":"passed","title":"后台刷新应上报直方图与计数器（带 metrics mock）"},{"ancestorTitles":["SWRService"],"duration":6,"failureDetails":[],"failureMessages":[],"fullName":"SWRService 未过期缓存应直接返回且不调用 fetcher","invocations":1,"location":null,"numPassingAsserts":4,"retryReasons":[],"status":"passed","title":"未过期缓存应直接返回且不调用 fetcher"},{"ancestorTitles":["SWRService"],"duration":18,"failureDetails":[],"failureMessages":[],"fullName":"SWRService 过期但未到 staleAt 时应返回旧值并后台刷新","invocations":1,"location":null,"numPassingAsserts":5,"retryReasons":[],"status":"passed","title":"过期但未到 staleAt 时应返回旧值并后台刷新"},{"ancestorTitles":["SWRService"],"duration":29,"failureDetails":[],"failureMessages":[],"fullName":"SWRService 并发去重：同 key 并发只触发一次 fetcher","invocations":1,"location":null,"numPassingAsserts":4,"retryReasons":[],"status":"passed","title":"并发去重：同 key 并发只触发一次 fetcher"},{"ancestorTitles":["SWRService"],"duration":7,"failureDetails":[],"failureMessages":[],"fullName":"SWRService invalidate 与 invalidatePattern 应清理对应缓存","invocations":1,"location":null,"numPassingAsserts":2,"retryReasons":[],"status":"passed","title":"invalidate 与 invalidatePattern 应清理对应缓存"}],"endTime":1760120599298,"message":"","name":"D:\\onlinestore\\backend\\src\\cqrs\\cache\\swr.service.spec.ts","startTime":1760120598810,"status":"passed","summary":""},{"assertionResults":[{"ancestorTitles":["CartConcurrencyTest","并发添加商品测试"],"duration":12,"failureDetails":[],"failureMessages":[],"fullName":"CartConcurrencyTest 并发添加商品测试 应该正确处理并发添加相同商品","invocations":1,"location":null,"numPassingAsserts":4,"retryReasons":[],"status":"passed","title":"应该正确处理并发添加相同商品"},{"ancestorTitles":["CartConcurrencyTest","并发添加商品测试"],"duration":22,"failureDetails":[],"failureMessages":[],"fullName":"CartConcurrencyTest 并发添加商品测试 应该处理领域服务异常","invocations":1,"location":null,"numPassingAsserts":2,"retryReasons":[],"status":"passed","title":"应该处理领域服务异常"},{"ancestorTitles":["CartConcurrencyTest","应用服务异常处理测试"],"duration":18,"failureDetails":[],"failureMessages":[],"fullName":"CartConcurrencyTest 应用服务异常处理测试 应该正确处理领域服务异常","invocations":1,"location":null,"numPassingAsserts":1,"retryReasons":[],"status":"passed","title":"应该正确处理领域服务异常"},{"ancestorTitles":["CartConcurrencyTest","应用服务异常处理测试"],"duration":16,"failureDetails":[],"failureMessages":[],"fullName":"CartConcurrencyTest 应用服务异常处理测试 应该正确处理参数验证异常","invocations":1,"location":null,"numPassingAsserts":1,"retryReasons":[],"status":"passed","title":"应该正确处理参数验证异常"},{"ancestorTitles":["CartConcurrencyTest","应用服务功能测试"],"duration":13,"failureDetails":[],"failureMessages":[],"fullName":"CartConcurrencyTest 应用服务功能测试 应该正确转换领域对象为DTO","invocations":1,"location":null,"numPassingAsserts":11,"retryReasons":[],"status":"passed","title":"应该正确转换领域对象为DTO"},{"ancestorTitles":["CartConcurrencyTest","应用服务功能测试"],"duration":10,"failureDetails":[],"failureMessages":[],"fullName":"CartConcurrencyTest 应用服务功能测试 应该正确处理空属性值","invocations":1,"location":null,"numPassingAsserts":3,"retryReasons":[],"status":"passed","title":"应该正确处理空属性值"}],"endTime":1760120599844,"message":"","name":"D:\\onlinestore\\backend\\src\\cart\\test\\cart-concurrency.spec.ts","startTime":1760120599314,"status":"passed","summary":""},{"assertionResults":[{"ancestorTitles":["JwtAuthGuard","token extraction through canActivate"],"duration":22,"failureDetails":[],"failureMessages":[],"fullName":"JwtAuthGuard token extraction through canActivate should throw UnauthorizedException for missing authorization header","invocations":1,"location":null,"numPassingAsserts":2,"retryReasons":[],"status":"passed","title":"should throw UnauthorizedException for missing authorization header"},{"ancestorTitles":["JwtAuthGuard","token extraction through canActivate"],"duration":5,"failureDetails":[],"failureMessages":[],"fullName":"JwtAuthGuard token extraction through canActivate should throw UnauthorizedException for invalid token format","invocations":1,"location":null,"numPassingAsserts":2,"retryReasons":[],"status":"passed","title":"should throw UnauthorizedException for invalid token format"},{"ancestorTitles":["JwtAuthGuard","token extraction through canActivate"],"duration":5,"failureDetails":[],"failureMessages":[],"fullName":"JwtAuthGuard token extraction through canActivate should throw UnauthorizedException for missing Bearer prefix","invocations":1,"location":null,"numPassingAsserts":2,"retryReasons":[],"status":"passed","title":"should throw UnauthorizedException for missing Bearer prefix"},{"ancestorTitles":["JwtAuthGuard","token extraction through canActivate"],"duration":5,"failureDetails":[],"failureMessages":[],"fullName":"JwtAuthGuard token extraction through canActivate should throw UnauthorizedException for Bearer without token","invocations":1,"location":null,"numPassingAsserts":2,"retryReasons":[],"status":"passed","title":"should throw UnauthorizedException for Bearer without token"},{"ancestorTitles":["JwtAuthGuard","canActivate"],"duration":5,"failureDetails":[],"failureMessages":[],"fullName":"JwtAuthGuard canActivate should return true for public routes","invocations":1,"location":null,"numPassingAsserts":1,"retryReasons":[],"status":"passed","title":"should return true for public routes"},{"ancestorTitles":["JwtAuthGuard","canActivate"],"duration":6,"failureDetails":[],"failureMessages":[],"fullName":"JwtAuthGuard canActivate should throw UnauthorizedException when no authorization header is present","invocations":1,"location":null,"numPassingAsserts":2,"retryReasons":[],"status":"passed","title":"should throw UnauthorizedException when no authorization header is present"},{"ancestorTitles":["JwtAuthGuard","handleRequest"],"duration":19,"failureDetails":[],"failureMessages":[],"fullName":"JwtAuthGuard handleRequest should throw UnauthorizedException for expired token","invocations":1,"location":null,"numPassingAsserts":2,"retryReasons":[],"status":"passed","title":"should throw UnauthorizedException for expired token"},{"ancestorTitles":["JwtAuthGuard","handleRequest"],"duration":22,"failureDetails":[],"failureMessages":[],"fullName":"JwtAuthGuard handleRequest should throw UnauthorizedException for invalid token","invocations":1,"location":null,"numPassingAsserts":2,"retryReasons":[],"status":"passed","title":"should throw UnauthorizedException for invalid token"},{"ancestorTitles":["JwtAuthGuard","handleRequest"],"duration":11,"failureDetails":[],"failureMessages":[],"fullName":"JwtAuthGuard handleRequest should throw UnauthorizedException for not-yet-active token","invocations":1,"location":null,"numPassingAsserts":2,"retryReasons":[],"status":"passed","title":"should throw UnauthorizedException for not-yet-active token"},{"ancestorTitles":["JwtAuthGuard","handleRequest"],"duration":9,"failureDetails":[],"failureMessages":[],"fullName":"JwtAuthGuard handleRequest should return user for valid token","invocations":1,"location":null,"numPassingAsserts":1,"retryReasons":[],"status":"passed","title":"should return user for valid token"},{"ancestorTitles":["JwtAuthGuard","handleRequest"],"duration":8,"failureDetails":[],"failureMessages":[],"fullName":"JwtAuthGuard handleRequest should throw generic UnauthorizedException for other errors","invocations":1,"location":null,"numPassingAsserts":2,"retryReasons":[],"status":"passed","title":"should throw generic UnauthorizedException for other errors"}],"endTime":1760120600475,"message":"","name":"D:\\onlinestore\\backend\\src\\auth\\guards\\jwt-auth.guard.spec.ts","startTime":1760120599880,"status":"passed","summary":""},{"assertionResults":[{"ancestorTitles":["JwtAuthGuard Debug"],"duration":7,"failureDetails":[],"failureMessages":[],"fullName":"JwtAuthGuard Debug should create guard instance","invocations":1,"location":null,"numPassingAsserts":1,"retryReasons":[],"status":"passed","title":"should create guard instance"},{"ancestorTitles":["JwtAuthGuard Debug"],"duration":20,"failureDetails":[],"failureMessages":[],"fullName":"JwtAuthGuard Debug should throw UnauthorizedException when no token","invocations":1,"location":null,"numPassingAsserts":2,"retryReasons":[],"status":"passed","title":"should throw UnauthorizedException when no token"},{"ancestorTitles":["JwtAuthGuard Debug"],"duration":5,"failureDetails":[],"failureMessages":[],"fullName":"JwtAuthGuard Debug should return true for public routes","invocations":1,"location":null,"numPassingAsserts":1,"retryReasons":[],"status":"passed","title":"should return true for public routes"}],"endTime":1760120601004,"message":"","name":"D:\\onlinestore\\backend\\src\\auth\\guards\\jwt-auth.guard.debug.spec.ts","startTime":1760120600498,"status":"passed","summary":""},{"assertionResults":[{"ancestorTitles":["cqrs-openobserve.config (adapter priority with env fallback)"],"duration":14,"failureDetails":[],"failureMessages":[],"fullName":"cqrs-openobserve.config (adapter priority with env fallback) defaults when env not set and adapter missing","invocations":1,"location":null,"numPassingAsserts":6,"retryReasons":[],"status":"passed","title":"defaults when env not set and adapter missing"},{"ancestorTitles":["cqrs-openobserve.config (adapter priority with env fallback)"],"duration":11,"failureDetails":[],"failureMessages":[],"fullName":"cqrs-openobserve.config (adapter priority with env fallback) maps env variables correctly when adapter empty","invocations":1,"location":null,"numPassingAsserts":5,"retryReasons":[],"status":"passed","title":"maps env variables correctly when adapter empty"},{"ancestorTitles":["cqrs-openobserve.config (adapter priority with env fallback)"],"duration":9,"failureDetails":[],"failureMessages":[],"fullName":"cqrs-openobserve.config (adapter priority with env fallback) uses adapter values when available (adapter priority)","invocations":1,"location":null,"numPassingAsserts":10,"retryReasons":[],"status":"passed","title":"uses adapter values when available (adapter priority)"}],"endTime":1760120601210,"message":"","name":"D:\\onlinestore\\backend\\src\\config\\cqrs-openobserve.config.spec.ts","startTime":1760120601032,"status":"passed","summary":""},{"assertionResults":[{"ancestorTitles":["Basic Tests"],"duration":4,"failureDetails":[],"failureMessages":[],"fullName":"Basic Tests should pass basic test","invocations":1,"location":null,"numPassingAsserts":1,"retryReasons":[],"status":"passed","title":"should pass basic test"},{"ancestorTitles":["Basic Tests"],"duration":4,"failureDetails":[],"failureMessages":[],"fullName":"Basic Tests should handle simple calculations","invocations":1,"location":null,"numPassingAsserts":1,"retryReasons":[],"status":"passed","title":"should handle simple calculations"},{"ancestorTitles":["Basic Tests"],"duration":5,"failureDetails":[],"failureMessages":[],"fullName":"Basic Tests should work with objects","invocations":1,"location":null,"numPassingAsserts":2,"retryReasons":[],"status":"passed","title":"should work with objects"}],"endTime":1760120601381,"message":"","name":"D:\\onlinestore\\backend\\src\\app.controller.spec.ts","startTime":1760120601230,"status":"passed","summary":""},{"assertionResults":[],"coverage":{},"endTime":1760120608733,"message":"  \u001b[1m● \u001b[22mTest suite failed to run\n\n    配置验证失败: \"JWT_SECRET\" length must be at least 32 characters long\n\n    \u001b[0m \u001b[90m 339 |\u001b[39m   \u001b[36mif\u001b[39m (error) {\n     \u001b[90m 340 |\u001b[39m     \u001b[36mif\u001b[39m (\u001b[33m!\u001b[39mskipValidation) {\n    \u001b[31m\u001b[1m>\u001b[22m\u001b[39m\u001b[90m 341 |\u001b[39m       \u001b[36mthrow\u001b[39m \u001b[36mnew\u001b[39m \u001b[33mError\u001b[39m(\u001b[32m`配置验证失败: ${error.message}`\u001b[39m)\u001b[33m;\u001b[39m\n     \u001b[90m     |\u001b[39m             \u001b[31m\u001b[1m^\u001b[22m\u001b[39m\n     \u001b[90m 342 |\u001b[39m     } \u001b[36melse\u001b[39m {\n     \u001b[90m 343 |\u001b[39m       \u001b[90m// 在开发或显式跳过验证时，仅警告并继续\u001b[39m\n     \u001b[90m 344 |\u001b[39m       console\u001b[33m.\u001b[39mwarn(\u001b[32m`⚠️ 跳过严格配置验证: ${error.message}`\u001b[39m)\u001b[33m;\u001b[39m\u001b[0m\n\n      \u001b[2mat createMasterConfiguration (\u001b[22mconfig/unified-master.config.ts\u001b[2m:341:13)\u001b[22m\n      \u001b[2mat Object.<anonymous> (\u001b[22mauth/auth.service.ts\u001b[2m:23:48)\u001b[22m\n      \u001b[2mat Object.<anonymous> (\u001b[22m\u001b[0m\u001b[36musers/users.controller.spec.ts\u001b[39m\u001b[0m\u001b[2m:4:1)\u001b[22m\n","name":"D:\\onlinestore\\backend\\src\\users\\users.controller.spec.ts","startTime":1760120608733,"status":"failed","summary":""},{"assertionResults":[],"coverage":{},"endTime":1760120608733,"message":"  \u001b[1m● \u001b[22mTest suite failed to run\n\n    配置验证失败: \"JWT_SECRET\" length must be at least 32 characters long\n\n    \u001b[0m \u001b[90m 339 |\u001b[39m   \u001b[36mif\u001b[39m (error) {\n     \u001b[90m 340 |\u001b[39m     \u001b[36mif\u001b[39m (\u001b[33m!\u001b[39mskipValidation) {\n    \u001b[31m\u001b[1m>\u001b[22m\u001b[39m\u001b[90m 341 |\u001b[39m       \u001b[36mthrow\u001b[39m \u001b[36mnew\u001b[39m \u001b[33mError\u001b[39m(\u001b[32m`配置验证失败: ${error.message}`\u001b[39m)\u001b[33m;\u001b[39m\n     \u001b[90m     |\u001b[39m             \u001b[31m\u001b[1m^\u001b[22m\u001b[39m\n     \u001b[90m 342 |\u001b[39m     } \u001b[36melse\u001b[39m {\n     \u001b[90m 343 |\u001b[39m       \u001b[90m// 在开发或显式跳过验证时，仅警告并继续\u001b[39m\n     \u001b[90m 344 |\u001b[39m       console\u001b[33m.\u001b[39mwarn(\u001b[32m`⚠️ 跳过严格配置验证: ${error.message}`\u001b[39m)\u001b[33m;\u001b[39m\u001b[0m\n\n      \u001b[2mat createMasterConfiguration (\u001b[22mconfig/unified-master.config.ts\u001b[2m:341:13)\u001b[22m\n      \u001b[2mat Object.<anonymous> (\u001b[22m\u001b[0m\u001b[36mredis/redis-health.service.spec.ts\u001b[39m\u001b[0m\u001b[2m:13:47)\u001b[22m\n","name":"D:\\onlinestore\\backend\\src\\redis\\redis-health.service.spec.ts","startTime":1760120608733,"status":"failed","summary":""},{"assertionResults":[],"coverage":{},"endTime":1760120608733,"message":"  \u001b[1m● \u001b[22mTest suite failed to run\n\n    配置验证失败: \"JWT_SECRET\" length must be at least 32 characters long\n\n    \u001b[0m \u001b[90m 339 |\u001b[39m   \u001b[36mif\u001b[39m (error) {\n     \u001b[90m 340 |\u001b[39m     \u001b[36mif\u001b[39m (\u001b[33m!\u001b[39mskipValidation) {\n    \u001b[31m\u001b[1m>\u001b[22m\u001b[39m\u001b[90m 341 |\u001b[39m       \u001b[36mthrow\u001b[39m \u001b[36mnew\u001b[39m \u001b[33mError\u001b[39m(\u001b[32m`配置验证失败: ${error.message}`\u001b[39m)\u001b[33m;\u001b[39m\n     \u001b[90m     |\u001b[39m             \u001b[31m\u001b[1m^\u001b[22m\u001b[39m\n     \u001b[90m 342 |\u001b[39m     } \u001b[36melse\u001b[39m {\n     \u001b[90m 343 |\u001b[39m       \u001b[90m// 在开发或显式跳过验证时，仅警告并继续\u001b[39m\n     \u001b[90m 344 |\u001b[39m       console\u001b[33m.\u001b[39mwarn(\u001b[32m`⚠️ 跳过严格配置验证: ${error.message}`\u001b[39m)\u001b[33m;\u001b[39m\u001b[0m\n\n      \u001b[2mat createMasterConfiguration (\u001b[22mconfig/unified-master.config.ts\u001b[2m:341:13)\u001b[22m\n      \u001b[2mat Object.<anonymous> (\u001b[22mdatabase/database.module.ts\u001b[2m:13:47)\u001b[22m\n      \u001b[2mat Object.<anonymous> (\u001b[22m\u001b[0m\u001b[36mdatabase/database.module.spec.ts\u001b[39m\u001b[0m\u001b[2m:14:1)\u001b[22m\n","name":"D:\\onlinestore\\backend\\src\\database\\database.module.spec.ts","startTime":1760120608733,"status":"failed","summary":""},{"assertionResults":[],"coverage":{},"endTime":1760120608733,"message":"  \u001b[1m● \u001b[22mTest suite failed to run\n\n    配置验证失败: \"JWT_SECRET\" length must be at least 32 characters long\n\n    \u001b[0m \u001b[90m 339 |\u001b[39m   \u001b[36mif\u001b[39m (error) {\n     \u001b[90m 340 |\u001b[39m     \u001b[36mif\u001b[39m (\u001b[33m!\u001b[39mskipValidation) {\n    \u001b[31m\u001b[1m>\u001b[22m\u001b[39m\u001b[90m 341 |\u001b[39m       \u001b[36mthrow\u001b[39m \u001b[36mnew\u001b[39m \u001b[33mError\u001b[39m(\u001b[32m`配置验证失败: ${error.message}`\u001b[39m)\u001b[33m;\u001b[39m\n     \u001b[90m     |\u001b[39m             \u001b[31m\u001b[1m^\u001b[22m\u001b[39m\n     \u001b[90m 342 |\u001b[39m     } \u001b[36melse\u001b[39m {\n     \u001b[90m 343 |\u001b[39m       \u001b[90m// 在开发或显式跳过验证时，仅警告并继续\u001b[39m\n     \u001b[90m 344 |\u001b[39m       console\u001b[33m.\u001b[39mwarn(\u001b[32m`⚠️ 跳过严格配置验证: ${error.message}`\u001b[39m)\u001b[33m;\u001b[39m\u001b[0m\n\n      \u001b[2mat createMasterConfiguration (\u001b[22mconfig/unified-master.config.ts\u001b[2m:341:13)\u001b[22m\n      \u001b[2mat Object.<anonymous> (\u001b[22mauth/auth.service.ts\u001b[2m:23:48)\u001b[22m\n      \u001b[2mat Object.<anonymous> (\u001b[22m\u001b[0m\u001b[36mauth/auth.service.spec.ts\u001b[39m\u001b[0m\u001b[2m:13:1)\u001b[22m\n","name":"D:\\onlinestore\\backend\\src\\auth\\auth.service.spec.ts","startTime":1760120608733,"status":"failed","summary":""},{"assertionResults":[],"coverage":{},"endTime":1760120608733,"message":"  \u001b[1m● \u001b[22mTest suite failed to run\n\n    配置验证失败: \"JWT_SECRET\" length must be at least 32 characters long\n\n    \u001b[0m \u001b[90m 339 |\u001b[39m   \u001b[36mif\u001b[39m (error) {\n     \u001b[90m 340 |\u001b[39m     \u001b[36mif\u001b[39m (\u001b[33m!\u001b[39mskipValidation) {\n    \u001b[31m\u001b[1m>\u001b[22m\u001b[39m\u001b[90m 341 |\u001b[39m       \u001b[36mthrow\u001b[39m \u001b[36mnew\u001b[39m \u001b[33mError\u001b[39m(\u001b[32m`配置验证失败: ${error.message}`\u001b[39m)\u001b[33m;\u001b[39m\n     \u001b[90m     |\u001b[39m             \u001b[31m\u001b[1m^\u001b[22m\u001b[39m\n     \u001b[90m 342 |\u001b[39m     } \u001b[36melse\u001b[39m {\n     \u001b[90m 343 |\u001b[39m       \u001b[90m// 在开发或显式跳过验证时，仅警告并继续\u001b[39m\n     \u001b[90m 344 |\u001b[39m       console\u001b[33m.\u001b[39mwarn(\u001b[32m`⚠️ 跳过严格配置验证: ${error.message}`\u001b[39m)\u001b[33m;\u001b[39m\u001b[0m\n\n      \u001b[2mat createMasterConfiguration (\u001b[22mconfig/unified-master.config.ts\u001b[2m:341:13)\u001b[22m\n      \u001b[2mat Object.<anonymous> (\u001b[22mauth/auth.service.ts\u001b[2m:23:48)\u001b[22m\n      \u001b[2mat Object.<anonymous> (\u001b[22mauth/auth.controller.ts\u001b[2m:28:1)\u001b[22m\n      \u001b[2mat Object.<anonymous> (\u001b[22m\u001b[0m\u001b[36mauth/auth.controller.spec.ts\u001b[39m\u001b[0m\u001b[2m:2:1)\u001b[22m\n","name":"D:\\onlinestore\\backend\\src\\auth\\auth.controller.spec.ts","startTime":1760120608733,"status":"failed","summary":""}],"wasInterrupted":false}
